#
# There is insufficient memory for the Java Runtime Environment to continue.
# Native memory allocation (malloc) failed to allocate 1095856 bytes for Chunk::new
# Possible reasons:
#   The system is out of physical RAM or swap space
#   The process is running with CompressedOops enabled, and the Java Heap may be blocking the growth of the native heap
# Possible solutions:
#   Reduce memory load on the system
#   Increase physical memory or swap space
#   Check if swap backing store is full
#   Decrease Java heap size (-Xmx/-Xms)
#   Decrease number of Java threads
#   Decrease Java thread stack sizes (-Xss)
#   Set larger code cache with -XX:ReservedCodeCacheSize=
#   JVM is running with Unscaled Compressed Oops mode in which the Java heap is
#     placed in the first 4GB address space. The Java Heap base address is the
#     maximum limit for the native heap growth. Please use -XX:HeapBaseMinAddress
#     to set the Java Heap base and to place the Java Heap above 4GB virtual address.
# This output file may be truncated or incomplete.
#
#  Out of Memory Error (arena.cpp:191), pid=2900, tid=2148
#
# JRE version: OpenJDK Runtime Environment (17.0.10) (build 17.0.10+0--11572160)
# Java VM: OpenJDK 64-Bit Server VM (17.0.10+0--11572160, mixed mode, tiered, compressed oops, compressed class ptrs, g1 gc, windows-amd64)
# No core dump will be written. Minidumps are not enabled by default on client versions of Windows
#

---------------  S U M M A R Y ------------

Command Line: --add-opens=java.base/java.util=ALL-UNNAMED --add-opens=java.base/java.lang=ALL-UNNAMED --add-opens=java.base/java.lang.invoke=ALL-UNNAMED --add-opens=java.prefs/java.util.prefs=ALL-UNNAMED --add-opens=java.base/java.nio.charset=ALL-UNNAMED --add-opens=java.base/java.net=ALL-UNNAMED --add-opens=java.base/java.util.concurrent.atomic=ALL-UNNAMED -Xmx2048m -Dfile.encoding=UTF-8 -Duser.country=US -Duser.language=en -Duser.variant -javaagent:C:\Users\nthan\.gradle\wrapper\dists\gradle-8.7-bin\bhs2wmbdwecv87pi65oeuq5iu\gradle-8.7\lib\agents\gradle-instrumentation-agent-8.7.jar org.gradle.launcher.daemon.bootstrap.GradleDaemon 8.7

Host: Intel(R) Core(TM) i5-8250U CPU @ 1.60GHz, 8 cores, 11G,  Windows 11 , 64 bit Build 22621 (10.0.22621.3527)
Time: Tue May 28 00:00:00 2024 SE Asia Standard Time elapsed time: 34.941428 seconds (0d 0h 0m 34s)

---------------  T H R E A D  ---------------

Current thread (0x000002126d395730):  JavaThread "C2 CompilerThread0" daemon [_thread_in_native, id=2148, stack(0x000000595c500000,0x000000595c600000)]


Current CompileTask:
C2:  34941 7640 %     4       org.gradle.internal.instantiation.generator.AbstractClassGenerator::inspectType @ 163 (560 bytes)

Stack: [0x000000595c500000,0x000000595c600000]
Native frames: (J=compiled Java code, j=interpreted, Vv=VM code, C=native code)
V  [jvm.dll+0x688e89]
V  [jvm.dll+0x84247a]
V  [jvm.dll+0x8440be]
V  [jvm.dll+0x844723]
V  [jvm.dll+0x24be0f]
V  [jvm.dll+0xac524]
V  [jvm.dll+0xacb6c]
V  [jvm.dll+0x2b342f]
V  [jvm.dll+0x5902b7]
V  [jvm.dll+0x226452]
V  [jvm.dll+0x21f4f2]
V  [jvm.dll+0x21cdb1]
V  [jvm.dll+0x1a60ad]
V  [jvm.dll+0x22cd78]
V  [jvm.dll+0x22aeb0]
V  [jvm.dll+0x7f6917]
V  [jvm.dll+0x7f0d1a]
V  [jvm.dll+0x687d05]
C  [ucrtbase.dll+0x29333]
C  [KERNEL32.DLL+0x1257d]
C  [ntdll.dll+0x5aa48]


---------------  P R O C E S S  ---------------

Threads class SMR info:
_java_thread_list=0x0000021275ec8220, length=51, elements={
0x000002125335d240, 0x000002126d1eeaf0, 0x000002126d33e6d0, 0x000002126d376680,
0x000002126d377f60, 0x000002126d378920, 0x000002126d379a80, 0x000002126d395730,
0x000002126d39a480, 0x000002126d39cce0, 0x000002126d195100, 0x000002126d710170,
0x0000021273a0c430, 0x0000021273516c10, 0x0000021272237500, 0x0000021272c44320,
0x00000212722eeea0, 0x0000021272dd1300, 0x0000021272dd0df0, 0x0000021272dcf9b0,
0x0000021272dd1810, 0x0000021272dce060, 0x0000021272dcea80, 0x0000021272dcef90,
0x0000021272dcf4a0, 0x0000021273f094a0, 0x0000021273f05cf0, 0x0000021273f099b0,
0x0000021273f0a8e0, 0x0000021273f0c230, 0x0000021273f08060, 0x0000021273f06710,
0x0000021273f06c20, 0x0000021273f0adf0, 0x0000021273f0cc50, 0x0000021273f07640,
0x0000021273f0b810, 0x0000021273f0c740, 0x0000021273f057e0, 0x0000021273f0d160,
0x0000021273f09ec0, 0x0000021273f0a3d0, 0x0000021273f0bd20, 0x0000021273f07b50,
0x0000021273f08570, 0x00000212742726b0, 0x00000212742730d0, 0x0000021274273af0,
0x00000212742735e0, 0x0000021274274000, 0x0000021273ff8340
}

Java Threads: ( => current thread )
  0x000002125335d240 JavaThread "main" [_thread_blocked, id=17344, stack(0x000000595b700000,0x000000595b800000)]
  0x000002126d1eeaf0 JavaThread "Reference Handler" daemon [_thread_blocked, id=16604, stack(0x000000595be00000,0x000000595bf00000)]
  0x000002126d33e6d0 JavaThread "Finalizer" daemon [_thread_blocked, id=2896, stack(0x000000595bf00000,0x000000595c000000)]
  0x000002126d376680 JavaThread "Signal Dispatcher" daemon [_thread_blocked, id=16764, stack(0x000000595c100000,0x000000595c200000)]
  0x000002126d377f60 JavaThread "Attach Listener" daemon [_thread_blocked, id=16768, stack(0x000000595c200000,0x000000595c300000)]
  0x000002126d378920 JavaThread "Service Thread" daemon [_thread_blocked, id=1744, stack(0x000000595c300000,0x000000595c400000)]
  0x000002126d379a80 JavaThread "Monitor Deflation Thread" daemon [_thread_blocked, id=5280, stack(0x000000595c400000,0x000000595c500000)]
=>0x000002126d395730 JavaThread "C2 CompilerThread0" daemon [_thread_in_native, id=2148, stack(0x000000595c500000,0x000000595c600000)]
  0x000002126d39a480 JavaThread "C1 CompilerThread0" daemon [_thread_blocked, id=17096, stack(0x000000595c600000,0x000000595c700000)]
  0x000002126d39cce0 JavaThread "Sweeper thread" daemon [_thread_blocked, id=7708, stack(0x000000595c700000,0x000000595c800000)]
  0x000002126d195100 JavaThread "Common-Cleaner" daemon [_thread_blocked, id=16452, stack(0x000000595c800000,0x000000595c900000)]
  0x000002126d710170 JavaThread "Notification Thread" daemon [_thread_blocked, id=15292, stack(0x000000595c900000,0x000000595ca00000)]
  0x0000021273a0c430 JavaThread "Daemon health stats" [_thread_blocked, id=5748, stack(0x000000595cf00000,0x000000595d000000)]
  0x0000021273516c10 JavaThread "Incoming local TCP Connector on port 50974" [_thread_in_native, id=13748, stack(0x000000595d000000,0x000000595d100000)]
  0x0000021272237500 JavaThread "Daemon periodic checks" [_thread_blocked, id=10800, stack(0x000000595d100000,0x000000595d200000)]
  0x0000021272c44320 JavaThread "Daemon" [_thread_blocked, id=14520, stack(0x000000595d200000,0x000000595d300000)]
  0x00000212722eeea0 JavaThread "Handler for socket connection from /127.0.0.1:50974 to /127.0.0.1:50975" [_thread_in_native, id=5348, stack(0x000000595d300000,0x000000595d400000)]
  0x0000021272dd1300 JavaThread "Cancel handler" [_thread_blocked, id=16976, stack(0x000000595d400000,0x000000595d500000)]
  0x0000021272dd0df0 JavaThread "Daemon worker" [_thread_in_native, id=17272, stack(0x000000595d500000,0x000000595d600000)]
  0x0000021272dcf9b0 JavaThread "Asynchronous log dispatcher for DefaultDaemonConnection: socket connection from /127.0.0.1:50974 to /127.0.0.1:50975" [_thread_blocked, id=16900, stack(0x000000595d600000,0x000000595d700000)]
  0x0000021272dd1810 JavaThread "Stdin handler" [_thread_blocked, id=17280, stack(0x000000595d700000,0x000000595d800000)]
  0x0000021272dce060 JavaThread "Daemon client event forwarder" [_thread_blocked, id=17300, stack(0x000000595d800000,0x000000595d900000)]
  0x0000021272dcea80 JavaThread "Cache worker for journal cache (C:\Users\nthan\.gradle\caches\journal-1)" [_thread_blocked, id=15572, stack(0x000000595dd00000,0x000000595de00000)]
  0x0000021272dcef90 JavaThread "File lock request listener" [_thread_in_native, id=14536, stack(0x000000595de00000,0x000000595df00000)]
  0x0000021272dcf4a0 JavaThread "Cache worker for file hash cache (C:\Users\nthan\.gradle\caches\8.7\fileHashes)" [_thread_blocked, id=17324, stack(0x000000595df00000,0x000000595e000000)]
  0x0000021273f094a0 JavaThread "Cache worker for file hash cache (D:\KI 6 nam 4(2024-2025)\Design_Adroid\Thuc_hanh\Buoi3\ktrabuoi3\.gradle\8.7\fileHashes)" [_thread_blocked, id=6208, stack(0x000000595e000000,0x000000595e100000)]
  0x0000021273f05cf0 JavaThread "File watcher server" daemon [_thread_in_native, id=17004, stack(0x000000595e100000,0x000000595e200000)]
  0x0000021273f099b0 JavaThread "File watcher consumer" daemon [_thread_blocked, id=7492, stack(0x000000595e200000,0x000000595e300000)]
  0x0000021273f0a8e0 JavaThread "Cache worker for checksums cache (D:\KI 6 nam 4(2024-2025)\Design_Adroid\Thuc_hanh\Buoi3\ktrabuoi3\.gradle\8.7\checksums)" [_thread_blocked, id=948, stack(0x000000595e300000,0x000000595e400000)]
  0x0000021273f0c230 JavaThread "Cache worker for cache directory md-supplier (C:\Users\nthan\.gradle\caches\8.7\md-supplier)" [_thread_blocked, id=16132, stack(0x000000595e400000,0x000000595e500000)]
  0x0000021273f08060 JavaThread "Cache worker for cache directory md-rule (C:\Users\nthan\.gradle\caches\8.7\md-rule)" [_thread_blocked, id=16496, stack(0x000000595e500000,0x000000595e600000)]
  0x0000021273f06710 JavaThread "Cache worker for file content cache (C:\Users\nthan\.gradle\caches\8.7\fileContent)" [_thread_blocked, id=14256, stack(0x000000595e600000,0x000000595e700000)]
  0x0000021273f06c20 JavaThread "Cache worker for Build Output Cleanup Cache (D:\KI 6 nam 4(2024-2025)\Design_Adroid\Thuc_hanh\Buoi3\ktrabuoi3\.gradle\buildOutputCleanup)" [_thread_blocked, id=9416, stack(0x000000595e800000,0x000000595e900000)]
  0x0000021273f0adf0 JavaThread "Unconstrained build operations" [_thread_blocked, id=900, stack(0x000000595e900000,0x000000595ea00000)]
  0x0000021273f0cc50 JavaThread "Unconstrained build operations Thread 2" [_thread_blocked, id=14632, stack(0x000000595ea00000,0x000000595eb00000)]
  0x0000021273f07640 JavaThread "Unconstrained build operations Thread 3" [_thread_blocked, id=15160, stack(0x000000595eb00000,0x000000595ec00000)]
  0x0000021273f0b810 JavaThread "Unconstrained build operations Thread 4" [_thread_blocked, id=4392, stack(0x000000595ec00000,0x000000595ed00000)]
  0x0000021273f0c740 JavaThread "Unconstrained build operations Thread 5" [_thread_blocked, id=8748, stack(0x000000595ed00000,0x000000595ee00000)]
  0x0000021273f057e0 JavaThread "Unconstrained build operations Thread 6" [_thread_blocked, id=5944, stack(0x000000595ee00000,0x000000595ef00000)]
  0x0000021273f0d160 JavaThread "Unconstrained build operations Thread 7" [_thread_blocked, id=14544, stack(0x000000595ef00000,0x000000595f000000)]
  0x0000021273f09ec0 JavaThread "File lock release action executor" [_thread_blocked, id=16472, stack(0x000000595f000000,0x000000595f100000)]
  0x0000021273f0a3d0 JavaThread "Unconstrained build operations Thread 8" [_thread_blocked, id=15484, stack(0x000000595f100000,0x000000595f200000)]
  0x0000021273f0bd20 JavaThread "Unconstrained build operations Thread 9" [_thread_blocked, id=14440, stack(0x000000595f200000,0x000000595f300000)]
  0x0000021273f07b50 JavaThread "Unconstrained build operations Thread 10" [_thread_blocked, id=17144, stack(0x000000595f300000,0x000000595f400000)]
  0x0000021273f08570 JavaThread "Unconstrained build operations Thread 11" [_thread_blocked, id=7304, stack(0x000000595f400000,0x000000595f500000)]
  0x00000212742726b0 JavaThread "Unconstrained build operations Thread 12" [_thread_blocked, id=15828, stack(0x000000595f500000,0x000000595f600000)]
  0x00000212742730d0 JavaThread "Unconstrained build operations Thread 13" [_thread_blocked, id=7388, stack(0x000000595f600000,0x000000595f700000)]
  0x0000021274273af0 JavaThread "Unconstrained build operations Thread 14" [_thread_blocked, id=15592, stack(0x000000595f700000,0x000000595f800000)]
  0x00000212742735e0 JavaThread "build event listener" [_thread_blocked, id=16036, stack(0x000000595f800000,0x000000595f900000)]
  0x0000021274274000 JavaThread "Memory manager" [_thread_blocked, id=11004, stack(0x000000595fa00000,0x000000595fb00000)]
  0x0000021273ff8340 JavaThread "C2 CompilerThread1" daemon [_thread_blocked, id=17228, stack(0x000000595f900000,0x000000595fa00000)]

Other Threads:
  0x000002126d1edcc0 VMThread "VM Thread" [stack: 0x000000595bd00000,0x000000595be00000] [id=16916]
  0x000002125335fed0 WatcherThread [stack: 0x000000595ca00000,0x000000595cb00000] [id=16748]
  0x00000212533ba0c0 GCTaskThread "GC Thread#0" [stack: 0x000000595b800000,0x000000595b900000] [id=11168]
  0x0000021272c2e3c0 GCTaskThread "GC Thread#1" [stack: 0x000000595cb00000,0x000000595cc00000] [id=16340]
  0x0000021272c2e680 GCTaskThread "GC Thread#2" [stack: 0x000000595cc00000,0x000000595cd00000] [id=3864]
  0x0000021272c2e940 GCTaskThread "GC Thread#3" [stack: 0x000000595cd00000,0x000000595ce00000] [id=6312]
  0x00000212729fa5e0 GCTaskThread "GC Thread#4" [stack: 0x000000595ce00000,0x000000595cf00000] [id=11428]
  0x0000021272e4e1e0 GCTaskThread "GC Thread#5" [stack: 0x000000595d900000,0x000000595da00000] [id=14732]
  0x0000021272394240 GCTaskThread "GC Thread#6" [stack: 0x000000595da00000,0x000000595db00000] [id=8832]
  0x0000021272394500 GCTaskThread "GC Thread#7" [stack: 0x000000595db00000,0x000000595dc00000] [id=12784]
  0x00000212533ccf20 ConcurrentGCThread "G1 Main Marker" [stack: 0x000000595b900000,0x000000595ba00000] [id=17020]
  0x00000212533cd840 ConcurrentGCThread "G1 Conc#0" [stack: 0x000000595ba00000,0x000000595bb00000] [id=14908]
  0x000002126d6126e0 ConcurrentGCThread "G1 Conc#1" [stack: 0x000000595dc00000,0x000000595dd00000] [id=15956]
  0x000002125340dde0 ConcurrentGCThread "G1 Refine#0" [stack: 0x000000595bb00000,0x000000595bc00000] [id=16996]
  0x0000021274a87360 ConcurrentGCThread "G1 Refine#1" [stack: 0x000000595e700000,0x000000595e800000] [id=16872]
  0x000002125340e710 ConcurrentGCThread "G1 Service" [stack: 0x000000595bc00000,0x000000595bd00000] [id=10964]

Threads with active compile tasks:
C2 CompilerThread0    35081 7640 %     4       org.gradle.internal.instantiation.generator.AbstractClassGenerator::inspectType @ 163 (560 bytes)

VM state: not at safepoint (normal execution)

VM Mutex/Monitor currently owned by a thread: None

Heap address: 0x0000000080000000, size: 2048 MB, Compressed Oops mode: 32-bit

CDS archive(s) not mapped
Compressed class space mapped at: 0x0000000100000000-0x0000000140000000, reserved size: 1073741824
Narrow klass base: 0x0000000000000000, Narrow klass shift: 3, Narrow klass range: 0x140000000

GC Precious Log:
 CPUs: 8 total, 8 available
 Memory: 12169M
 Large Page Support: Disabled
 NUMA Support: Disabled
 Compressed Oops: Enabled (32-bit)
 Heap Region Size: 1M
 Heap Min Capacity: 8M
 Heap Initial Capacity: 192M
 Heap Max Capacity: 2G
 Pre-touch: Disabled
 Parallel Workers: 8
 Concurrent Workers: 2
 Concurrent Refinement Workers: 8
 Periodic GC: Disabled

Heap:
 garbage-first heap   total 96256K, used 71399K [0x0000000080000000, 0x0000000100000000)
  region size 1024K, 14 young (14336K), 2 survivors (2048K)
 Metaspace       used 71568K, committed 72192K, reserved 1114112K
  class space    used 9637K, committed 9920K, reserved 1048576K

Heap Regions: E=young(eden), S=young(survivor), O=old, HS=humongous(starts), HC=humongous(continues), CS=collection set, F=free, OA=open archive, CA=closed archive, TAMS=top-at-mark-start (previous, next)
|   0|0x0000000080000000, 0x0000000080100000, 0x0000000080100000|100%|HS|  |TAMS 0x0000000080100000, 0x0000000080000000| Complete 
|   1|0x0000000080100000, 0x0000000080200000, 0x0000000080200000|100%|HC|  |TAMS 0x0000000080200000, 0x0000000080100000| Complete 
|   2|0x0000000080200000, 0x0000000080300000, 0x0000000080300000|100%|HC|  |TAMS 0x0000000080300000, 0x0000000080200000| Complete 
|   3|0x0000000080300000, 0x0000000080400000, 0x0000000080400000|100%|HC|  |TAMS 0x0000000080400000, 0x0000000080300000| Complete 
|   4|0x0000000080400000, 0x0000000080500000, 0x0000000080500000|100%| O|  |TAMS 0x0000000080500000, 0x0000000080400000| Untracked 
|   5|0x0000000080500000, 0x0000000080600000, 0x0000000080600000|100%| O|  |TAMS 0x0000000080600000, 0x0000000080500000| Untracked 
|   6|0x0000000080600000, 0x0000000080700000, 0x0000000080700000|100%| O|  |TAMS 0x0000000080700000, 0x0000000080600000| Untracked 
|   7|0x0000000080700000, 0x0000000080800000, 0x0000000080800000|100%| O|  |TAMS 0x0000000080800000, 0x0000000080700000| Untracked 
|   8|0x0000000080800000, 0x0000000080900000, 0x0000000080900000|100%| O|  |TAMS 0x0000000080900000, 0x0000000080800000| Untracked 
|   9|0x0000000080900000, 0x0000000080a00000, 0x0000000080a00000|100%| O|  |TAMS 0x0000000080a00000, 0x0000000080900000| Untracked 
|  10|0x0000000080a00000, 0x0000000080b00000, 0x0000000080b00000|100%|HS|  |TAMS 0x0000000080b00000, 0x0000000080a00000| Complete 
|  11|0x0000000080b00000, 0x0000000080c00000, 0x0000000080c00000|100%| O|  |TAMS 0x0000000080c00000, 0x0000000080b00000| Untracked 
|  12|0x0000000080c00000, 0x0000000080d00000, 0x0000000080d00000|100%| O|  |TAMS 0x0000000080d00000, 0x0000000080c00000| Untracked 
|  13|0x0000000080d00000, 0x0000000080e00000, 0x0000000080e00000|100%| O|  |TAMS 0x0000000080e00000, 0x0000000080d00000| Untracked 
|  14|0x0000000080e00000, 0x0000000080f00000, 0x0000000080f00000|100%| O|  |TAMS 0x0000000080f00000, 0x0000000080e00000| Untracked 
|  15|0x0000000080f00000, 0x0000000081000000, 0x0000000081000000|100%| O|  |TAMS 0x0000000081000000, 0x0000000080f00000| Untracked 
|  16|0x0000000081000000, 0x0000000081100000, 0x0000000081100000|100%| O|  |TAMS 0x0000000081100000, 0x0000000081000000| Untracked 
|  17|0x0000000081100000, 0x0000000081200000, 0x0000000081200000|100%| O|  |TAMS 0x0000000081200000, 0x0000000081100000| Untracked 
|  18|0x0000000081200000, 0x0000000081300000, 0x0000000081300000|100%| O|  |TAMS 0x0000000081300000, 0x0000000081200000| Untracked 
|  19|0x0000000081300000, 0x0000000081400000, 0x0000000081400000|100%| O|  |TAMS 0x0000000081400000, 0x0000000081300000| Untracked 
|  20|0x0000000081400000, 0x0000000081500000, 0x0000000081500000|100%| O|  |TAMS 0x0000000081500000, 0x0000000081400000| Untracked 
|  21|0x0000000081500000, 0x0000000081600000, 0x0000000081600000|100%| O|  |TAMS 0x0000000081600000, 0x0000000081500000| Untracked 
|  22|0x0000000081600000, 0x0000000081700000, 0x0000000081700000|100%| O|  |TAMS 0x0000000081600000, 0x0000000081600000| Untracked 
|  23|0x0000000081700000, 0x0000000081800000, 0x0000000081800000|100%| O|  |TAMS 0x0000000081800000, 0x0000000081700000| Untracked 
|  24|0x0000000081800000, 0x0000000081900000, 0x0000000081900000|100%| O|  |TAMS 0x0000000081900000, 0x0000000081800000| Untracked 
|  25|0x0000000081900000, 0x0000000081a00000, 0x0000000081a00000|100%| O|  |TAMS 0x0000000081a00000, 0x0000000081900000| Untracked 
|  26|0x0000000081a00000, 0x0000000081b00000, 0x0000000081b00000|100%| O|  |TAMS 0x0000000081b00000, 0x0000000081a00000| Untracked 
|  27|0x0000000081b00000, 0x0000000081c00000, 0x0000000081c00000|100%| O|  |TAMS 0x0000000081c00000, 0x0000000081b00000| Untracked 
|  28|0x0000000081c00000, 0x0000000081d00000, 0x0000000081d00000|100%| O|  |TAMS 0x0000000081c00000, 0x0000000081c00000| Untracked 
|  29|0x0000000081d00000, 0x0000000081e00000, 0x0000000081e00000|100%| O|  |TAMS 0x0000000081e00000, 0x0000000081d00000| Untracked 
|  30|0x0000000081e00000, 0x0000000081f00000, 0x0000000081f00000|100%| O|  |TAMS 0x0000000081f00000, 0x0000000081e00000| Untracked 
|  31|0x0000000081f00000, 0x0000000082000000, 0x0000000082000000|100%| O|  |TAMS 0x0000000082000000, 0x0000000081f00000| Untracked 
|  32|0x0000000082000000, 0x0000000082100000, 0x0000000082100000|100%| O|  |TAMS 0x0000000082100000, 0x0000000082000000| Untracked 
|  33|0x0000000082100000, 0x0000000082200000, 0x0000000082200000|100%|HS|  |TAMS 0x0000000082200000, 0x0000000082100000| Complete 
|  34|0x0000000082200000, 0x0000000082300000, 0x0000000082300000|100%| O|  |TAMS 0x0000000082300000, 0x0000000082200000| Untracked 
|  35|0x0000000082300000, 0x0000000082400000, 0x0000000082400000|100%| O|  |TAMS 0x0000000082400000, 0x0000000082300000| Untracked 
|  36|0x0000000082400000, 0x0000000082500000, 0x0000000082500000|100%| O|  |TAMS 0x0000000082500000, 0x0000000082400000| Untracked 
|  37|0x0000000082500000, 0x0000000082600000, 0x0000000082600000|100%| O|  |TAMS 0x0000000082600000, 0x0000000082500000| Untracked 
|  38|0x0000000082600000, 0x0000000082700000, 0x0000000082700000|100%| O|  |TAMS 0x0000000082700000, 0x0000000082600000| Untracked 
|  39|0x0000000082700000, 0x0000000082800000, 0x0000000082800000|100%| O|  |TAMS 0x0000000082800000, 0x0000000082700000| Untracked 
|  40|0x0000000082800000, 0x0000000082900000, 0x0000000082900000|100%| O|  |TAMS 0x0000000082900000, 0x0000000082800000| Untracked 
|  41|0x0000000082900000, 0x0000000082a00000, 0x0000000082a00000|100%| O|  |TAMS 0x0000000082a00000, 0x0000000082900000| Untracked 
|  42|0x0000000082a00000, 0x0000000082b00000, 0x0000000082b00000|100%|HS|  |TAMS 0x0000000082b00000, 0x0000000082a00000| Complete 
|  43|0x0000000082b00000, 0x0000000082c00000, 0x0000000082c00000|100%|HS|  |TAMS 0x0000000082c00000, 0x0000000082b00000| Complete 
|  44|0x0000000082c00000, 0x0000000082d00000, 0x0000000082d00000|100%|HS|  |TAMS 0x0000000082d00000, 0x0000000082c00000| Complete 
|  45|0x0000000082d00000, 0x0000000082e00000, 0x0000000082e00000|100%| O|  |TAMS 0x0000000082e00000, 0x0000000082d00000| Untracked 
|  46|0x0000000082e00000, 0x0000000082f00000, 0x0000000082f00000|100%|HS|  |TAMS 0x0000000082f00000, 0x0000000082e00000| Complete 
|  47|0x0000000082f00000, 0x0000000083000000, 0x0000000083000000|100%| O|  |TAMS 0x0000000083000000, 0x0000000082f00000| Untracked 
|  48|0x0000000083000000, 0x0000000083100000, 0x0000000083100000|100%| O|  |TAMS 0x0000000083100000, 0x0000000083000000| Untracked 
|  49|0x0000000083100000, 0x0000000083200000, 0x0000000083200000|100%| O|  |TAMS 0x0000000083200000, 0x0000000083100000| Untracked 
|  50|0x0000000083200000, 0x0000000083300000, 0x0000000083300000|100%| O|  |TAMS 0x0000000083300000, 0x0000000083200000| Untracked 
|  51|0x0000000083300000, 0x0000000083400000, 0x0000000083400000|100%| O|  |TAMS 0x0000000083400000, 0x0000000083300000| Untracked 
|  52|0x0000000083400000, 0x0000000083500000, 0x0000000083500000|100%| O|  |TAMS 0x0000000083441a00, 0x0000000083400000| Untracked 
|  53|0x0000000083500000, 0x0000000083600000, 0x0000000083600000|100%| O|  |TAMS 0x0000000083500000, 0x0000000083500000| Untracked 
|  54|0x0000000083600000, 0x0000000083700000, 0x0000000083700000|100%| O|  |TAMS 0x0000000083600000, 0x0000000083600000| Untracked 
|  55|0x0000000083700000, 0x0000000083770000, 0x0000000083800000| 43%| O|  |TAMS 0x0000000083700000, 0x0000000083700000| Untracked 
|  56|0x0000000083800000, 0x0000000083900000, 0x0000000083900000|100%|HS|  |TAMS 0x0000000083800000, 0x0000000083800000| Complete 
|  57|0x0000000083900000, 0x0000000083a00000, 0x0000000083a00000|100%| O|  |TAMS 0x0000000083900000, 0x0000000083900000| Untracked 
|  58|0x0000000083a00000, 0x0000000083a00000, 0x0000000083b00000|  0%| F|  |TAMS 0x0000000083a00000, 0x0000000083a00000| Untracked 
|  59|0x0000000083b00000, 0x0000000083b00000, 0x0000000083c00000|  0%| F|  |TAMS 0x0000000083b00000, 0x0000000083b00000| Untracked 
|  60|0x0000000083c00000, 0x0000000083c00000, 0x0000000083d00000|  0%| F|  |TAMS 0x0000000083c00000, 0x0000000083c00000| Untracked 
|  61|0x0000000083d00000, 0x0000000083d00000, 0x0000000083e00000|  0%| F|  |TAMS 0x0000000083d00000, 0x0000000083d00000| Untracked 
|  62|0x0000000083e00000, 0x0000000083e00000, 0x0000000083f00000|  0%| F|  |TAMS 0x0000000083e00000, 0x0000000083e00000| Untracked 
|  63|0x0000000083f00000, 0x0000000083f00000, 0x0000000084000000|  0%| F|  |TAMS 0x0000000083f00000, 0x0000000083f00000| Untracked 
|  64|0x0000000084000000, 0x0000000084000000, 0x0000000084100000|  0%| F|  |TAMS 0x0000000084000000, 0x0000000084000000| Untracked 
|  65|0x0000000084100000, 0x0000000084100000, 0x0000000084200000|  0%| F|  |TAMS 0x0000000084100000, 0x0000000084100000| Untracked 
|  66|0x0000000084200000, 0x0000000084200000, 0x0000000084300000|  0%| F|  |TAMS 0x0000000084200000, 0x0000000084200000| Untracked 
|  67|0x0000000084300000, 0x0000000084300000, 0x0000000084400000|  0%| F|  |TAMS 0x0000000084300000, 0x0000000084300000| Untracked 
|  68|0x0000000084400000, 0x0000000084400000, 0x0000000084500000|  0%| F|  |TAMS 0x0000000084400000, 0x0000000084400000| Untracked 
|  69|0x0000000084500000, 0x0000000084500000, 0x0000000084600000|  0%| F|  |TAMS 0x0000000084500000, 0x0000000084500000| Untracked 
|  70|0x0000000084600000, 0x0000000084600000, 0x0000000084700000|  0%| F|  |TAMS 0x0000000084600000, 0x0000000084600000| Untracked 
|  71|0x0000000084700000, 0x0000000084700000, 0x0000000084800000|  0%| F|  |TAMS 0x0000000084700000, 0x0000000084700000| Untracked 
|  72|0x0000000084800000, 0x0000000084800000, 0x0000000084900000|  0%| F|  |TAMS 0x0000000084800000, 0x0000000084800000| Untracked 
|  73|0x0000000084900000, 0x0000000084949c60, 0x0000000084a00000| 28%| S|CS|TAMS 0x0000000084900000, 0x0000000084900000| Complete 
|  74|0x0000000084a00000, 0x0000000084b00000, 0x0000000084b00000|100%| S|CS|TAMS 0x0000000084a00000, 0x0000000084a00000| Complete 
|  75|0x0000000084b00000, 0x0000000084b00000, 0x0000000084c00000|  0%| F|  |TAMS 0x0000000084b00000, 0x0000000084b00000| Untracked 
|  76|0x0000000084c00000, 0x0000000084c00000, 0x0000000084d00000|  0%| F|  |TAMS 0x0000000084c00000, 0x0000000084c00000| Untracked 
|  77|0x0000000084d00000, 0x0000000084d00000, 0x0000000084e00000|  0%| F|  |TAMS 0x0000000084d00000, 0x0000000084d00000| Untracked 
|  78|0x0000000084e00000, 0x0000000084e00000, 0x0000000084f00000|  0%| F|  |TAMS 0x0000000084e00000, 0x0000000084e00000| Untracked 
|  79|0x0000000084f00000, 0x0000000084f00000, 0x0000000085000000|  0%| F|  |TAMS 0x0000000084f00000, 0x0000000084f00000| Untracked 
|  80|0x0000000085000000, 0x0000000085000000, 0x0000000085100000|  0%| F|  |TAMS 0x0000000085000000, 0x0000000085000000| Untracked 
|  81|0x0000000085100000, 0x000000008515b268, 0x0000000085200000| 35%| E|  |TAMS 0x0000000085100000, 0x0000000085100000| Complete 
|  82|0x0000000085200000, 0x0000000085300000, 0x0000000085300000|100%| E|CS|TAMS 0x0000000085200000, 0x0000000085200000| Complete 
| 131|0x0000000088300000, 0x0000000088400000, 0x0000000088400000|100%| E|CS|TAMS 0x0000000088300000, 0x0000000088300000| Complete 
| 132|0x0000000088400000, 0x0000000088500000, 0x0000000088500000|100%| E|CS|TAMS 0x0000000088400000, 0x0000000088400000| Complete 
| 133|0x0000000088500000, 0x0000000088600000, 0x0000000088600000|100%| E|CS|TAMS 0x0000000088500000, 0x0000000088500000| Complete 
| 134|0x0000000088600000, 0x0000000088700000, 0x0000000088700000|100%| E|CS|TAMS 0x0000000088600000, 0x0000000088600000| Complete 
| 135|0x0000000088700000, 0x0000000088800000, 0x0000000088800000|100%| E|CS|TAMS 0x0000000088700000, 0x0000000088700000| Complete 
| 136|0x0000000088800000, 0x0000000088900000, 0x0000000088900000|100%| E|CS|TAMS 0x0000000088800000, 0x0000000088800000| Complete 
| 137|0x0000000088900000, 0x0000000088a00000, 0x0000000088a00000|100%| E|CS|TAMS 0x0000000088900000, 0x0000000088900000| Complete 
| 138|0x0000000088a00000, 0x0000000088b00000, 0x0000000088b00000|100%| E|CS|TAMS 0x0000000088a00000, 0x0000000088a00000| Complete 
| 139|0x0000000088b00000, 0x0000000088c00000, 0x0000000088c00000|100%| E|CS|TAMS 0x0000000088b00000, 0x0000000088b00000| Complete 
| 190|0x000000008be00000, 0x000000008bf00000, 0x000000008bf00000|100%| E|CS|TAMS 0x000000008be00000, 0x000000008be00000| Complete 
| 191|0x000000008bf00000, 0x000000008c000000, 0x000000008c000000|100%| E|CS|TAMS 0x000000008bf00000, 0x000000008bf00000| Complete 

Card table byte_map: [0x0000021265f60000,0x0000021266360000] _byte_map_base: 0x0000021265b60000

Marking Bits (Prev, Next): (CMBitMap*) 0x00000212533ba5e0, (CMBitMap*) 0x00000212533ba620
 Prev Bits: [0x0000021266760000, 0x0000021268760000)
 Next Bits: [0x0000021268760000, 0x000002126a760000)

Polling page: 0x0000021251270000

Metaspace:

Usage:
  Non-class:     60.51 MB used.
      Class:      9.42 MB used.
       Both:     69.93 MB used.

Virtual space:
  Non-class space:       64.00 MB reserved,      60.81 MB ( 95%) committed,  1 nodes.
      Class space:        1.00 GB reserved,       9.69 MB ( <1%) committed,  1 nodes.
             Both:        1.06 GB reserved,      70.50 MB (  6%) committed. 

Chunk freelists:
   Non-Class:  2.56 MB
       Class:  6.20 MB
        Both:  8.77 MB

MaxMetaspaceSize: unlimited
CompressedClassSpaceSize: 1.00 GB
Initial GC threshold: 21.00 MB
Current GC threshold: 103.12 MB
CDS: off
MetaspaceReclaimPolicy: balanced
 - commit_granule_bytes: 65536.
 - commit_granule_words: 8192.
 - virtual_space_node_default_size: 8388608.
 - enlarge_chunks_in_place: 1.
 - new_chunks_are_fully_committed: 0.
 - uncommit_free_chunks: 1.
 - use_allocation_guard: 0.
 - handle_deallocations: 1.


Internal statistics:

num_allocs_failed_limit: 6.
num_arena_births: 778.
num_arena_deaths: 0.
num_vsnodes_births: 2.
num_vsnodes_deaths: 0.
num_space_committed: 1128.
num_space_uncommitted: 0.
num_chunks_returned_to_freelist: 6.
num_chunks_taken_from_freelist: 3308.
num_chunk_merges: 6.
num_chunk_splits: 2176.
num_chunks_enlarged: 1453.
num_inconsistent_stats: 0.

CodeHeap 'non-profiled nmethods': size=120000Kb used=3603Kb max_used=3603Kb free=116396Kb
 bounds [0x000002125e300000, 0x000002125e690000, 0x0000021265830000]
CodeHeap 'profiled nmethods': size=120000Kb used=12589Kb max_used=12589Kb free=107410Kb
 bounds [0x0000021256830000, 0x0000021257480000, 0x000002125dd60000]
CodeHeap 'non-nmethods': size=5760Kb used=1653Kb max_used=1723Kb free=4106Kb
 bounds [0x000002125dd60000, 0x000002125dfd0000, 0x000002125e300000]
 total_blobs=7526 nmethods=6792 adapters=646
 compilation: enabled
              stopped_count=0, restarted_count=0
 full_count=0

Compilation events (20 events):
Event: 34.832 Thread 0x000002126d39a480 7670       1       com.android.build.gradle.internal.dsl.decorator.DslDecorator$ManagedProperty::getName (5 bytes)
Event: 34.832 Thread 0x000002126d39a480 nmethod 7670 0x000002125e67bc90 code [0x000002125e67be20, 0x000002125e67bef8]
Event: 34.832 Thread 0x000002126d39a480 7675       3       org.objectweb.asm.commons.Method::getDescriptorInternal (157 bytes)
Event: 34.834 Thread 0x000002126d39a480 nmethod 7675 0x000002125746c090 code [0x000002125746c400, 0x000002125746d628]
Event: 34.834 Thread 0x000002126d39a480 7676       3       org.objectweb.asm.MethodWriter::computeMethodInfoSize (571 bytes)
Event: 34.837 Thread 0x000002126d39a480 nmethod 7676 0x000002125746dc90 code [0x000002125746dfc0, 0x000002125746ef68]
Event: 34.837 Thread 0x000002126d39a480 7677       3       org.objectweb.asm.MethodWriter::hasFrames (13 bytes)
Event: 34.837 Thread 0x000002126d39a480 nmethod 7677 0x000002125746f610 code [0x000002125746f7a0, 0x000002125746f918]
Event: 34.837 Thread 0x000002126d39a480 7678       3       org.objectweb.asm.MethodWriter::putMethodInfo (1274 bytes)
Event: 34.843 Thread 0x000002126d39a480 nmethod 7678 0x000002125746f990 code [0x0000021257470060, 0x0000021257472868]
Event: 34.843 Thread 0x000002126d39a480 7679       3       org.objectweb.asm.Handler::putExceptionTable (63 bytes)
Event: 34.843 Thread 0x000002126d39a480 nmethod 7679 0x0000021257473b90 code [0x0000021257473da0, 0x0000021257474228]
Event: 34.883 Thread 0x000002126d39a480 7680       3       org.gradle.internal.instantiation.generator.AbstractClassGenerator$ExtensibleTypePropertyHandler::applyTo (273 bytes)
Event: 34.886 Thread 0x000002126d39a480 nmethod 7680 0x0000021257474510 code [0x0000021257474900, 0x00000212574767c8]
Event: 34.890 Thread 0x000002126d39a480 7681       3       com.google.common.collect.Ordering::from (23 bytes)
Event: 34.891 Thread 0x000002126d39a480 nmethod 7681 0x0000021257477110 code [0x0000021257477300, 0x0000021257477a68]
Event: 34.891 Thread 0x000002126d39a480 7682       3       com.google.common.collect.ComparatorOrdering::<init> (16 bytes)
Event: 34.891 Thread 0x000002126d39a480 nmethod 7682 0x0000021257477c10 code [0x0000021257477de0, 0x0000021257478268]
Event: 34.926 Thread 0x000002126d39a480 7683       3       kotlin.jvm.internal.Lambda::<init> (10 bytes)
Event: 34.926 Thread 0x000002126d39a480 nmethod 7683 0x0000021257478410 code [0x00000212574785a0, 0x0000021257478718]

GC Heap History (20 events):
Event: 28.484 GC heap before
{Heap before GC invocations=22 (full 0):
 garbage-first heap   total 78848K, used 52617K [0x0000000080000000, 0x0000000100000000)
  region size 1024K, 4 young (4096K), 3 survivors (3072K)
 Metaspace       used 57901K, committed 58496K, reserved 1114112K
  class space    used 7946K, committed 8192K, reserved 1048576K
}
Event: 28.487 GC heap after
{Heap after GC invocations=23 (full 0):
 garbage-first heap   total 78848K, used 50964K [0x0000000080000000, 0x0000000100000000)
  region size 1024K, 1 young (1024K), 1 survivors (1024K)
 Metaspace       used 57901K, committed 58496K, reserved 1114112K
  class space    used 7946K, committed 8192K, reserved 1048576K
}
Event: 28.633 GC heap before
{Heap before GC invocations=23 (full 0):
 garbage-first heap   total 78848K, used 56084K [0x0000000080000000, 0x0000000100000000)
  region size 1024K, 8 young (8192K), 1 survivors (1024K)
 Metaspace       used 58349K, committed 58944K, reserved 1114112K
  class space    used 7989K, committed 8256K, reserved 1048576K
}
Event: 28.635 GC heap after
{Heap after GC invocations=24 (full 0):
 garbage-first heap   total 95232K, used 51456K [0x0000000080000000, 0x0000000100000000)
  region size 1024K, 1 young (1024K), 1 survivors (1024K)
 Metaspace       used 58349K, committed 58944K, reserved 1114112K
  class space    used 7989K, committed 8256K, reserved 1048576K
}
Event: 29.283 GC heap before
{Heap before GC invocations=25 (full 0):
 garbage-first heap   total 95232K, used 72960K [0x0000000080000000, 0x0000000100000000)
  region size 1024K, 22 young (22528K), 1 survivors (1024K)
 Metaspace       used 60026K, committed 60608K, reserved 1114112K
  class space    used 8228K, committed 8512K, reserved 1048576K
}
Event: 29.285 GC heap after
{Heap after GC invocations=26 (full 0):
 garbage-first heap   total 95232K, used 53084K [0x0000000080000000, 0x0000000100000000)
  region size 1024K, 2 young (2048K), 2 survivors (2048K)
 Metaspace       used 60026K, committed 60608K, reserved 1114112K
  class space    used 8228K, committed 8512K, reserved 1048576K
}
Event: 29.320 GC heap before
{Heap before GC invocations=26 (full 0):
 garbage-first heap   total 95232K, used 55132K [0x0000000080000000, 0x0000000100000000)
  region size 1024K, 4 young (4096K), 2 survivors (2048K)
 Metaspace       used 60201K, committed 60736K, reserved 1114112K
  class space    used 8251K, committed 8512K, reserved 1048576K
}
Event: 29.323 GC heap after
{Heap after GC invocations=27 (full 0):
 garbage-first heap   total 95232K, used 52585K [0x0000000080000000, 0x0000000100000000)
  region size 1024K, 1 young (1024K), 1 survivors (1024K)
 Metaspace       used 60201K, committed 60736K, reserved 1114112K
  class space    used 8251K, committed 8512K, reserved 1048576K
}
Event: 29.825 GC heap before
{Heap before GC invocations=27 (full 0):
 garbage-first heap   total 95232K, used 73065K [0x0000000080000000, 0x0000000100000000)
  region size 1024K, 22 young (22528K), 1 survivors (1024K)
 Metaspace       used 62389K, committed 63040K, reserved 1114112K
  class space    used 8468K, committed 8768K, reserved 1048576K
}
Event: 29.827 GC heap after
{Heap after GC invocations=28 (full 0):
 garbage-first heap   total 95232K, used 53061K [0x0000000080000000, 0x0000000100000000)
  region size 1024K, 1 young (1024K), 1 survivors (1024K)
 Metaspace       used 62389K, committed 63040K, reserved 1114112K
  class space    used 8468K, committed 8768K, reserved 1048576K
}
Event: 30.383 GC heap before
{Heap before GC invocations=29 (full 0):
 garbage-first heap   total 96256K, used 74565K [0x0000000080000000, 0x0000000100000000)
  region size 1024K, 23 young (23552K), 1 survivors (1024K)
 Metaspace       used 64817K, committed 65344K, reserved 1114112K
  class space    used 8713K, committed 8960K, reserved 1048576K
}
Event: 30.386 GC heap after
{Heap after GC invocations=30 (full 0):
 garbage-first heap   total 96256K, used 53778K [0x0000000080000000, 0x0000000100000000)
  region size 1024K, 2 young (2048K), 2 survivors (2048K)
 Metaspace       used 64817K, committed 65344K, reserved 1114112K
  class space    used 8713K, committed 8960K, reserved 1048576K
}
Event: 30.427 GC heap before
{Heap before GC invocations=30 (full 0):
 garbage-first heap   total 96256K, used 54802K [0x0000000080000000, 0x0000000100000000)
  region size 1024K, 4 young (4096K), 2 survivors (2048K)
 Metaspace       used 64959K, committed 65472K, reserved 1114112K
  class space    used 8734K, committed 8960K, reserved 1048576K
}
Event: 30.431 GC heap after
{Heap after GC invocations=31 (full 0):
 garbage-first heap   total 96256K, used 53339K [0x0000000080000000, 0x0000000100000000)
  region size 1024K, 1 young (1024K), 1 survivors (1024K)
 Metaspace       used 64959K, committed 65472K, reserved 1114112K
  class space    used 8734K, committed 8960K, reserved 1048576K
}
Event: 31.501 GC heap before
{Heap before GC invocations=31 (full 0):
 garbage-first heap   total 96256K, used 76891K [0x0000000080000000, 0x0000000100000000)
  region size 1024K, 25 young (25600K), 1 survivors (1024K)
 Metaspace       used 67402K, committed 67968K, reserved 1114112K
  class space    used 9115K, committed 9408K, reserved 1048576K
}
Event: 31.505 GC heap after
{Heap after GC invocations=32 (full 0):
 garbage-first heap   total 96256K, used 54628K [0x0000000080000000, 0x0000000100000000)
  region size 1024K, 2 young (2048K), 2 survivors (2048K)
 Metaspace       used 67402K, committed 67968K, reserved 1114112K
  class space    used 9115K, committed 9408K, reserved 1048576K
}
Event: 33.150 GC heap before
{Heap before GC invocations=32 (full 0):
 garbage-first heap   total 96256K, used 83300K [0x0000000080000000, 0x0000000100000000)
  region size 1024K, 25 young (25600K), 2 survivors (2048K)
 Metaspace       used 69292K, committed 69888K, reserved 1114112K
  class space    used 9351K, committed 9664K, reserved 1048576K
}
Event: 33.155 GC heap after
{Heap after GC invocations=33 (full 0):
 garbage-first heap   total 96256K, used 58803K [0x0000000080000000, 0x0000000100000000)
  region size 1024K, 4 young (4096K), 4 survivors (4096K)
 Metaspace       used 69292K, committed 69888K, reserved 1114112K
  class space    used 9351K, committed 9664K, reserved 1048576K
}
Event: 34.600 GC heap before
{Heap before GC invocations=33 (full 0):
 garbage-first heap   total 96256K, used 78259K [0x0000000080000000, 0x0000000100000000)
  region size 1024K, 23 young (23552K), 4 survivors (4096K)
 Metaspace       used 70765K, committed 71360K, reserved 1114112K
  class space    used 9536K, committed 9856K, reserved 1048576K
}
Event: 34.606 GC heap after
{Heap after GC invocations=34 (full 0):
 garbage-first heap   total 96256K, used 60135K [0x0000000080000000, 0x0000000100000000)
  region size 1024K, 2 young (2048K), 2 survivors (2048K)
 Metaspace       used 70765K, committed 71360K, reserved 1114112K
  class space    used 9536K, committed 9856K, reserved 1048576K
}

Dll operation events (3 events):
Event: 0.170 Loaded shared library C:\Program Files\Android\Android Studio\jbr\bin\java.dll
Event: 0.569 Loaded shared library C:\Program Files\Android\Android Studio\jbr\bin\zip.dll
Event: 1.683 Loaded shared library C:\Program Files\Android\Android Studio\jbr\bin\verify.dll

Deoptimization events (20 events):
Event: 32.553 Thread 0x0000021272dd0df0 DEOPT PACKING pc=0x0000021256a06ae6 sp=0x000000595d5f2090
Event: 32.553 Thread 0x0000021272dd0df0 DEOPT UNPACKING pc=0x000002125ddb7143 sp=0x000000595d5f1510 mode 0
Event: 32.553 Thread 0x0000021272dd0df0 DEOPT PACKING pc=0x0000021256bd8b38 sp=0x000000595d5f21a0
Event: 32.553 Thread 0x0000021272dd0df0 DEOPT UNPACKING pc=0x000002125ddb7143 sp=0x000000595d5f1620 mode 0
Event: 33.411 Thread 0x0000021272dd0df0 Uncommon trap: trap_request=0xffffff45 fr.pc=0x000002125e44b284 relative=0x0000000000003124
Event: 33.411 Thread 0x0000021272dd0df0 Uncommon trap: reason=unstable_if action=reinterpret pc=0x000002125e44b284 method=java.util.regex.Pattern.compile()V @ 133 c2
Event: 33.411 Thread 0x0000021272dd0df0 DEOPT PACKING pc=0x000002125e44b284 sp=0x000000595d5f5c80
Event: 33.411 Thread 0x0000021272dd0df0 DEOPT UNPACKING pc=0x000002125ddb69a3 sp=0x000000595d5f5c68 mode 2
Event: 33.411 Thread 0x0000021272dd0df0 Uncommon trap: trap_request=0xffffff45 fr.pc=0x000002125e4a7e58 relative=0x0000000000000058
Event: 33.411 Thread 0x0000021272dd0df0 Uncommon trap: reason=unstable_if action=reinterpret pc=0x000002125e4a7e58 method=java.util.regex.Pattern.has(I)Z @ 6 c2
Event: 33.411 Thread 0x0000021272dd0df0 DEOPT PACKING pc=0x000002125e4a7e58 sp=0x000000595d5f5c60
Event: 33.411 Thread 0x0000021272dd0df0 DEOPT UNPACKING pc=0x000002125ddb69a3 sp=0x000000595d5f5bf0 mode 2
Event: 34.805 Thread 0x0000021272dd0df0 Uncommon trap: trap_request=0xffffffc6 fr.pc=0x000002125e500578 relative=0x0000000000003358
Event: 34.805 Thread 0x0000021272dd0df0 Uncommon trap: reason=bimorphic_or_optimized_type_check action=maybe_recompile pc=0x000002125e500578 method=java.util.AbstractCollection.addAll(Ljava/util/Collection;)Z @ 29 c2
Event: 34.805 Thread 0x0000021272dd0df0 DEOPT PACKING pc=0x000002125e500578 sp=0x000000595d5f4e00
Event: 34.805 Thread 0x0000021272dd0df0 DEOPT UNPACKING pc=0x000002125ddb69a3 sp=0x000000595d5f4df0 mode 2
Event: 34.805 Thread 0x0000021272dd0df0 Uncommon trap: trap_request=0xffffffc6 fr.pc=0x000002125e500578 relative=0x0000000000003358
Event: 34.805 Thread 0x0000021272dd0df0 Uncommon trap: reason=bimorphic_or_optimized_type_check action=maybe_recompile pc=0x000002125e500578 method=java.util.AbstractCollection.addAll(Ljava/util/Collection;)Z @ 29 c2
Event: 34.805 Thread 0x0000021272dd0df0 DEOPT PACKING pc=0x000002125e500578 sp=0x000000595d5f4e00
Event: 34.805 Thread 0x0000021272dd0df0 DEOPT UNPACKING pc=0x000002125ddb69a3 sp=0x000000595d5f4df0 mode 2

Classes unloaded (0 events):
No events

Classes redefined (0 events):
No events

Internal exceptions (20 events):
Event: 20.140 Thread 0x0000021272dd0df0 Exception <a 'java/lang/NoSuchMethodError'{0x0000000083cb7f38}: 'void java.lang.invoke.DirectMethodHandle$Holder.invokeStatic(java.lang.Object, java.lang.Object, java.lang.Object, int, java.lang.Object)'> (0x0000000083cb7f38) 
thrown [s\src\hotspot\share\interpreter\linkResolver.cpp, line 771]
Event: 25.561 Thread 0x0000021272dd0df0 Exception <a 'java/lang/NoSuchMethodError'{0x0000000088437da8}: 'java.lang.Object java.lang.invoke.DirectMethodHandle$Holder.newInvokeSpecial(java.lang.Object, java.lang.Object, java.lang.Object, java.lang.Object, int, java.lang.Object)'> (0x0000000088437da8) 
thrown [s\src\hotspot\share\interpreter\linkResolver.cpp, line 771]
Event: 25.562 Thread 0x0000021272dd0df0 Exception <a 'java/lang/NoSuchMethodError'{0x000000008843d100}: 'java.lang.Object java.lang.invoke.Invokers$Holder.linkToTargetMethod(java.lang.Object, java.lang.Object, java.lang.Object, int, java.lang.Object, java.lang.Object)'> (0x000000008843d100) 
thrown [s\src\hotspot\share\interpreter\linkResolver.cpp, line 771]
Event: 26.870 Thread 0x0000021272dd0df0 Exception <a 'java/lang/NoSuchMethodError'{0x0000000083dc4d08}: 'long java.lang.invoke.DirectMethodHandle$Holder.invokeVirtual(java.lang.Object, java.lang.Object)'> (0x0000000083dc4d08) 
thrown [s\src\hotspot\share\interpreter\linkResolver.cpp, line 771]
Event: 26.875 Thread 0x0000021272dce060 Exception <a 'java/lang/NoSuchMethodError'{0x0000000083c09508}: static Lorg/gradle/internal/build/event/types/DefaultOperationFinishedProgressEvent;.<clinit>()V> (0x0000000083c09508) 
thrown [s\src\hotspot\share\prims\jni.cpp, line 1108]
Event: 26.879 Thread 0x0000021272dce060 Exception <a 'java/lang/NoSuchMethodError'{0x0000000083c33de0}: static Lorg/gradle/internal/build/event/types/DefaultProjectConfigurationSuccessResult;.<clinit>()V> (0x0000000083c33de0) 
thrown [s\src\hotspot\share\prims\jni.cpp, line 1108]
Event: 26.880 Thread 0x0000021272dce060 Exception <a 'java/lang/NoSuchMethodError'{0x0000000083c7a990}: static Lorg/gradle/internal/build/event/types/AbstractProjectConfigurationResult;.<clinit>()V> (0x0000000083c7a990) 
thrown [s\src\hotspot\share\prims\jni.cpp, line 1108]
Event: 26.880 Thread 0x0000021272dce060 Exception <a 'java/lang/NoSuchMethodError'{0x0000000083c7c0d8}: static Lorg/gradle/internal/build/event/types/AbstractOperationResult;.<clinit>()V> (0x0000000083c7c0d8) 
thrown [s\src\hotspot\share\prims\jni.cpp, line 1108]
Event: 26.880 Thread 0x0000021272dce060 Exception <a 'java/lang/NoSuchMethodError'{0x0000000083c7d528}: static Lorg/gradle/internal/build/event/types/AbstractResult;.<clinit>()V> (0x0000000083c7d528) 
thrown [s\src\hotspot\share\prims\jni.cpp, line 1108]
Event: 26.882 Thread 0x0000021272dce060 Exception <a 'java/lang/NoSuchMethodError'{0x0000000083c96450}: static Lorg/gradle/internal/build/event/types/DefaultPluginApplicationResult;.<clinit>()V> (0x0000000083c96450) 
thrown [s\src\hotspot\share\prims\jni.cpp, line 1108]
Event: 26.883 Thread 0x0000021272dce060 Exception <a 'java/lang/NoSuchMethodError'{0x0000000083ca2e08}: static Lorg/gradle/internal/build/event/types/DefaultBinaryPluginIdentifier;.<clinit>()V> (0x0000000083ca2e08) 
thrown [s\src\hotspot\share\prims\jni.cpp, line 1108]
Event: 26.885 Thread 0x0000021272dce060 Exception <a 'java/lang/NoSuchMethodError'{0x0000000083cbceb8}: static Lorg/gradle/internal/build/event/types/DefaultScriptPluginIdentifier;.<clinit>()V> (0x0000000083cbceb8) 
thrown [s\src\hotspot\share\prims\jni.cpp, line 1108]
Event: 27.063 Thread 0x0000021272dd0df0 Implicit null exception at 0x000002125e5cd892 to 0x000002125e5cdf34
Event: 27.172 Thread 0x0000021272dd0df0 Exception <a 'java/lang/NoSuchMethodError'{0x000000008be1b640}: 'void java.lang.invoke.Invokers$Holder.invoke_MT(java.lang.Object, java.lang.Object, java.lang.Object, java.lang.Object)'> (0x000000008be1b640) 
thrown [s\src\hotspot\share\interpreter\linkResolver.cpp, line 771]
Event: 27.188 Thread 0x0000021272dd0df0 Exception <a 'java/lang/NoSuchMethodError'{0x000000008be9c758}: 'java.lang.Object java.lang.invoke.DirectMethodHandle$Holder.invokeSpecial(java.lang.Object, java.lang.Object, java.lang.Object, int, java.lang.Object, java.lang.Object)'> (0x000000008be9c758) 
thrown [s\src\hotspot\share\interpreter\linkResolver.cpp, line 771]
Event: 27.632 Thread 0x0000021272dd0df0 Exception <a 'java/lang/ClassNotFoundException'{0x000000008412cbe0}: sun/misc/SharedSecrets> (0x000000008412cbe0) 
thrown [s\src\hotspot\share\classfile\systemDictionary.cpp, line 256]
Event: 27.632 Thread 0x0000021272dd0df0 Exception <a 'java/lang/ClassNotFoundException'{0x000000008412e1b8}: org/gradle/api/internal/plugins/DefaultObjectConfigurationActionBeanInfo> (0x000000008412e1b8) 
thrown [s\src\hotspot\share\classfile\systemDictionary.cpp, line 256]
Event: 27.634 Thread 0x0000021272dd0df0 Exception <a 'java/lang/ClassNotFoundException'{0x0000000084144648}: org/gradle/api/internal/plugins/DefaultObjectConfigurationActionCustomizer> (0x0000000084144648) 
thrown [s\src\hotspot\share\classfile\systemDictionary.cpp, line 256]
Event: 31.812 Thread 0x0000021272dd0df0 Implicit null exception at 0x000002125e4a060c to 0x000002125e4a0746
Event: 32.634 Thread 0x0000021272dd0df0 Exception <a 'sun/nio/fs/WindowsException'{0x0000000084f7ed00}> (0x0000000084f7ed00) 
thrown [s\src\hotspot\share\prims\jni.cpp, line 517]

VM Operations (20 events):
Event: 30.383 Executing VM operation: G1CollectForAllocation
Event: 30.386 Executing VM operation: G1CollectForAllocation done
Event: 30.427 Executing VM operation: G1CollectForAllocation
Event: 30.431 Executing VM operation: G1CollectForAllocation done
Event: 31.431 Executing VM operation: Cleanup
Event: 31.432 Executing VM operation: Cleanup done
Event: 31.501 Executing VM operation: G1CollectForAllocation
Event: 31.505 Executing VM operation: G1CollectForAllocation done
Event: 31.574 Executing VM operation: HandshakeAllThreads
Event: 31.574 Executing VM operation: HandshakeAllThreads done
Event: 31.835 Executing VM operation: HandshakeAllThreads
Event: 31.835 Executing VM operation: HandshakeAllThreads done
Event: 32.842 Executing VM operation: Cleanup
Event: 32.842 Executing VM operation: Cleanup done
Event: 33.150 Executing VM operation: G1CollectForAllocation
Event: 33.155 Executing VM operation: G1CollectForAllocation done
Event: 34.170 Executing VM operation: Cleanup
Event: 34.170 Executing VM operation: Cleanup done
Event: 34.600 Executing VM operation: G1CollectForAllocation
Event: 34.608 Executing VM operation: G1CollectForAllocation done

Events (20 events):
Event: 31.980 loading class java/util/Base64$Decoder
Event: 31.981 loading class java/util/Base64$Decoder done
Event: 31.981 loading class java/util/Base64$Encoder
Event: 31.981 loading class java/util/Base64$Encoder done
Event: 31.986 loading class java/util/jar/JarVerifier$VerifierStream
Event: 31.986 loading class java/util/jar/JarVerifier$VerifierStream done
Event: 31.986 loading class sun/security/util/ManifestEntryVerifier$SunProviderHolder
Event: 31.989 loading class sun/security/util/ManifestEntryVerifier$SunProviderHolder done
Event: 32.396 Thread 0x0000021273ff8340 Thread exited: 0x0000021273ff8340
Event: 32.476 Thread 0x0000021273ff8340 Thread added: 0x0000021273ff8340
Event: 33.416 Thread 0x0000021273ff8340 Thread exited: 0x0000021273ff8340
Event: 33.624 Thread 0x0000021273ff8340 Thread added: 0x0000021273ff8340
Event: 34.071 Thread 0x0000021273ff8340 Thread exited: 0x0000021273ff8340
Event: 34.318 Thread 0x0000021273ff8340 Thread added: 0x0000021273ff8340
Event: 34.712 Thread 0x0000021273ff8340 Thread exited: 0x0000021273ff8340
Event: 34.728 loading class java/security/KeyStore
Event: 34.729 loading class java/security/KeyStore done
Event: 34.729 loading class java/security/KeyStore$1
Event: 34.729 loading class java/security/KeyStore$1 done
Event: 34.813 Thread 0x0000021273ff8340 Thread added: 0x0000021273ff8340


Dynamic libraries:
0x00007ff7442c0000 - 0x00007ff7442ca000 	C:\Program Files\Android\Android Studio\jbr\bin\java.exe
0x00007ffe68ab0000 - 0x00007ffe68cc7000 	C:\WINDOWS\SYSTEM32\ntdll.dll
0x00007ffe67150000 - 0x00007ffe67214000 	C:\WINDOWS\System32\KERNEL32.DLL
0x00007ffe66300000 - 0x00007ffe666a7000 	C:\WINDOWS\System32\KERNELBASE.dll
0x00007ffe66110000 - 0x00007ffe66221000 	C:\WINDOWS\System32\ucrtbase.dll
0x00007ffe4d530000 - 0x00007ffe4d547000 	C:\Program Files\Android\Android Studio\jbr\bin\jli.dll
0x00007ffe688c0000 - 0x00007ffe68a6e000 	C:\WINDOWS\System32\USER32.dll
0x00007ffe66230000 - 0x00007ffe66256000 	C:\WINDOWS\System32\win32u.dll
0x00007ffe67570000 - 0x00007ffe67599000 	C:\WINDOWS\System32\GDI32.dll
0x00007ffe65f70000 - 0x00007ffe66089000 	C:\WINDOWS\System32\gdi32full.dll
0x00007ffe66260000 - 0x00007ffe662fa000 	C:\WINDOWS\System32\msvcp_win.dll
0x00007ffe5ef70000 - 0x00007ffe5ef8b000 	C:\Program Files\Android\Android Studio\jbr\bin\VCRUNTIME140.dll
0x00007ffe44d80000 - 0x00007ffe45013000 	C:\WINDOWS\WinSxS\amd64_microsoft.windows.common-controls_6595b64144ccf1df_6.0.22621.3527_none_270e469b73872a76\COMCTL32.dll
0x00007ffe68130000 - 0x00007ffe681d7000 	C:\WINDOWS\System32\msvcrt.dll
0x00007ffe68040000 - 0x00007ffe68071000 	C:\WINDOWS\System32\IMM32.DLL
0x00007ffe60330000 - 0x00007ffe6033c000 	C:\Program Files\Android\Android Studio\jbr\bin\vcruntime140_1.dll
0x00007ffe5e4f0000 - 0x00007ffe5e57d000 	C:\Program Files\Android\Android Studio\jbr\bin\msvcp140.dll
0x00007ffde0340000 - 0x00007ffde0fc3000 	C:\Program Files\Android\Android Studio\jbr\bin\server\jvm.dll
0x00007ffe674b0000 - 0x00007ffe67562000 	C:\WINDOWS\System32\ADVAPI32.dll
0x00007ffe67f00000 - 0x00007ffe67fa8000 	C:\WINDOWS\System32\sechost.dll
0x00007ffe65dd0000 - 0x00007ffe65df8000 	C:\WINDOWS\System32\bcrypt.dll
0x00007ffe68730000 - 0x00007ffe68845000 	C:\WINDOWS\System32\RPCRT4.dll
0x00007ffe64da0000 - 0x00007ffe64ded000 	C:\WINDOWS\SYSTEM32\POWRPROF.dll
0x00007ffe61310000 - 0x00007ffe61319000 	C:\WINDOWS\SYSTEM32\WSOCK32.dll
0x00007ffe66e60000 - 0x00007ffe66ed1000 	C:\WINDOWS\System32\WS2_32.dll
0x00007ffe5db30000 - 0x00007ffe5db64000 	C:\WINDOWS\SYSTEM32\WINMM.dll
0x00007ffe5f970000 - 0x00007ffe5f97a000 	C:\WINDOWS\SYSTEM32\VERSION.dll
0x00007ffe64d80000 - 0x00007ffe64d93000 	C:\WINDOWS\SYSTEM32\UMPDC.dll
0x00007ffe64ee0000 - 0x00007ffe64ef8000 	C:\WINDOWS\SYSTEM32\kernel.appcore.dll
0x00007ffe600a0000 - 0x00007ffe600aa000 	C:\Program Files\Android\Android Studio\jbr\bin\jimage.dll
0x00007ffe637e0000 - 0x00007ffe63a12000 	C:\WINDOWS\SYSTEM32\DBGHELP.DLL
0x00007ffe681e0000 - 0x00007ffe68568000 	C:\WINDOWS\System32\combase.dll
0x00007ffe66f40000 - 0x00007ffe67017000 	C:\WINDOWS\System32\OLEAUT32.dll
0x00007ffe3a890000 - 0x00007ffe3a8c2000 	C:\WINDOWS\SYSTEM32\dbgcore.DLL
0x00007ffe66090000 - 0x00007ffe66109000 	C:\WINDOWS\System32\bcryptPrimitives.dll
0x00007ffe4fbf0000 - 0x00007ffe4fbfe000 	C:\Program Files\Android\Android Studio\jbr\bin\instrument.dll
0x00007ffe5ed60000 - 0x00007ffe5ed85000 	C:\Program Files\Android\Android Studio\jbr\bin\java.dll
0x00007ffe50670000 - 0x00007ffe50688000 	C:\Program Files\Android\Android Studio\jbr\bin\zip.dll
0x00007ffe675a0000 - 0x00007ffe67dfc000 	C:\WINDOWS\System32\SHELL32.dll
0x00007ffe63d10000 - 0x00007ffe64606000 	C:\WINDOWS\SYSTEM32\windows.storage.dll
0x00007ffe63a20000 - 0x00007ffe63b5e000 	C:\WINDOWS\SYSTEM32\wintypes.dll
0x00007ffe673b0000 - 0x00007ffe674a5000 	C:\WINDOWS\System32\SHCORE.dll
0x00007ffe66ee0000 - 0x00007ffe66f3e000 	C:\WINDOWS\System32\shlwapi.dll
0x00007ffe65d00000 - 0x00007ffe65d21000 	C:\WINDOWS\SYSTEM32\profapi.dll
0x00007ffe4e690000 - 0x00007ffe4e6a9000 	C:\Program Files\Android\Android Studio\jbr\bin\net.dll
0x00007ffe5d3a0000 - 0x00007ffe5d4d6000 	C:\WINDOWS\SYSTEM32\WINHTTP.dll
0x00007ffe65350000 - 0x00007ffe653b9000 	C:\WINDOWS\system32\mswsock.dll
0x00007ffe4e670000 - 0x00007ffe4e686000 	C:\Program Files\Android\Android Studio\jbr\bin\nio.dll
0x00007ffe5f330000 - 0x00007ffe5f340000 	C:\Program Files\Android\Android Studio\jbr\bin\verify.dll
0x00007ffe2f930000 - 0x00007ffe2f957000 	C:\Users\nthan\.gradle\native\c067742578af261105cb4f569cf0c3c89f3d7b1fecec35dd04571415982c5e48\windows-amd64\native-platform.dll
0x00007ffe17dd0000 - 0x00007ffe17f14000 	C:\Users\nthan\.gradle\native\38dada09dfb8b06ba9b0570ebf7e218e3eb74d4ef43ca46872605cf95ebc2f47\windows-amd64\native-platform-file-events.dll
0x00007ffe58d60000 - 0x00007ffe58d69000 	C:\Program Files\Android\Android Studio\jbr\bin\management.dll
0x00007ffe52040000 - 0x00007ffe5204b000 	C:\Program Files\Android\Android Studio\jbr\bin\management_ext.dll
0x00007ffe67380000 - 0x00007ffe67388000 	C:\WINDOWS\System32\PSAPI.DLL
0x00007ffe655c0000 - 0x00007ffe655db000 	C:\WINDOWS\SYSTEM32\CRYPTSP.dll
0x00007ffe64e40000 - 0x00007ffe64e75000 	C:\WINDOWS\system32\rsaenh.dll
0x00007ffe65450000 - 0x00007ffe65478000 	C:\WINDOWS\SYSTEM32\USERENV.dll
0x00007ffe655b0000 - 0x00007ffe655bc000 	C:\WINDOWS\SYSTEM32\CRYPTBASE.dll
0x00007ffe64870000 - 0x00007ffe6489d000 	C:\WINDOWS\SYSTEM32\IPHLPAPI.DLL
0x00007ffe673a0000 - 0x00007ffe673a9000 	C:\WINDOWS\System32\NSI.dll
0x00007ffe5e1e0000 - 0x00007ffe5e1f9000 	C:\WINDOWS\SYSTEM32\dhcpcsvc6.DLL
0x00007ffe5db70000 - 0x00007ffe5db8f000 	C:\WINDOWS\SYSTEM32\dhcpcsvc.DLL
0x00007ffe648e0000 - 0x00007ffe649d8000 	C:\WINDOWS\SYSTEM32\DNSAPI.dll
0x00007ffe5f290000 - 0x00007ffe5f299000 	C:\Program Files\Android\Android Studio\jbr\bin\extnet.dll
0x00007ffe4fc00000 - 0x00007ffe4fc08000 	C:\WINDOWS\system32\wshunix.dll

dbghelp: loaded successfully - version: 4.0.5 - missing functions: none
symbol engine: initialized successfully - sym options: 0x614 - pdb path: .;C:\Program Files\Android\Android Studio\jbr\bin;C:\WINDOWS\SYSTEM32;C:\WINDOWS\WinSxS\amd64_microsoft.windows.common-controls_6595b64144ccf1df_6.0.22621.3527_none_270e469b73872a76;C:\Program Files\Android\Android Studio\jbr\bin\server;C:\Users\nthan\.gradle\native\c067742578af261105cb4f569cf0c3c89f3d7b1fecec35dd04571415982c5e48\windows-amd64;C:\Users\nthan\.gradle\native\38dada09dfb8b06ba9b0570ebf7e218e3eb74d4ef43ca46872605cf95ebc2f47\windows-amd64

VM Arguments:
jvm_args: --add-opens=java.base/java.util=ALL-UNNAMED --add-opens=java.base/java.lang=ALL-UNNAMED --add-opens=java.base/java.lang.invoke=ALL-UNNAMED --add-opens=java.prefs/java.util.prefs=ALL-UNNAMED --add-opens=java.base/java.nio.charset=ALL-UNNAMED --add-opens=java.base/java.net=ALL-UNNAMED --add-opens=java.base/java.util.concurrent.atomic=ALL-UNNAMED -Xmx2048m -Dfile.encoding=UTF-8 -Duser.country=US -Duser.language=en -Duser.variant -javaagent:C:\Users\nthan\.gradle\wrapper\dists\gradle-8.7-bin\bhs2wmbdwecv87pi65oeuq5iu\gradle-8.7\lib\agents\gradle-instrumentation-agent-8.7.jar 
java_command: org.gradle.launcher.daemon.bootstrap.GradleDaemon 8.7
java_class_path (initial): C:\Users\nthan\.gradle\wrapper\dists\gradle-8.7-bin\bhs2wmbdwecv87pi65oeuq5iu\gradle-8.7\lib\gradle-launcher-8.7.jar
Launcher Type: SUN_STANDARD

[Global flags]
     intx CICompilerCount                          = 4                                         {product} {ergonomic}
     uint ConcGCThreads                            = 2                                         {product} {ergonomic}
     uint G1ConcRefinementThreads                  = 8                                         {product} {ergonomic}
   size_t G1HeapRegionSize                         = 1048576                                   {product} {ergonomic}
    uintx GCDrainStackTargetSize                   = 64                                        {product} {ergonomic}
   size_t InitialHeapSize                          = 201326592                                 {product} {ergonomic}
   size_t MarkStackSize                            = 4194304                                   {product} {ergonomic}
   size_t MaxHeapSize                              = 2147483648                                {product} {command line}
   size_t MaxNewSize                               = 1287651328                                {product} {ergonomic}
   size_t MinHeapDeltaBytes                        = 1048576                                   {product} {ergonomic}
   size_t MinHeapSize                              = 8388608                                   {product} {ergonomic}
    uintx NonNMethodCodeHeapSize                   = 5839372                                {pd product} {ergonomic}
    uintx NonProfiledCodeHeapSize                  = 122909434                              {pd product} {ergonomic}
    uintx ProfiledCodeHeapSize                     = 122909434                              {pd product} {ergonomic}
    uintx ReservedCodeCacheSize                    = 251658240                              {pd product} {ergonomic}
     bool SegmentedCodeCache                       = true                                      {product} {ergonomic}
   size_t SoftMaxHeapSize                          = 2147483648                             {manageable} {ergonomic}
     bool UseCompressedClassPointers               = true                           {product lp64_product} {ergonomic}
     bool UseCompressedOops                        = true                           {product lp64_product} {ergonomic}
     bool UseG1GC                                  = true                                      {product} {ergonomic}
     bool UseLargePagesIndividualAllocation        = false                                  {pd product} {ergonomic}

Logging:
Log output configuration:
 #0: stdout all=warning uptime,level,tags
 #1: stderr all=off uptime,level,tags

Environment Variables:
PATH=C:\Program Files (x86)\VMware\VMware Workstation\bin\;C:\Program Files\Microsoft MPI\Bin\;C:\Program Files (x86)\Intel\Intel(R) Management Engine Components\iCLS\;C:\Program Files\Intel\Intel(R) Management Engine Components\iCLS\;C:\Windows\system32;C:\Windows;C:\Windows\System32\Wbem;C:\Windows\System32\WindowsPowerShell\v1.0\;C:\Windows\System32\OpenSSH\;C:\Program Files (x86)\NVIDIA Corporation\PhysX\Common;C:\Program Files (x86)\Intel\Intel(R) Management Engine Components\DAL;C:\Program Files\Intel\Intel(R) Management Engine Components\DAL;C:\Program Files (x86)\Intel\Intel(R) Management Engine Components\IPT;C:\Program Files\Intel\Intel(R) Management Engine Components\IPT;C:\WINDOWS\system32;C:\WINDOWS;C:\WINDOWS\System32\Wbem;C:\WINDOWS\System32\WindowsPowerShell\v1.0\;C:\WINDOWS\System32\OpenSSH\;C:\MinGW\bin;C:\Program Files\Microsoft SQL Server\Client SDK\ODBC\170\Tools\Binn\;C:\Program Files\dotnet\;C:\Program Files\Git\cmd;C:\Program Files (x86)\Microsoft SQL Server\160\Tools\Binn\;C:\Program Files\Microsoft SQL Server\160\Tools\Binn\;C:\Program Files\Microsoft SQL Server\160\DTS\Binn\;C:\Program Files\nodejs\;C:\Program Files\MongoDB\Server\7.0\bin;C:\Users\nthan\AppData\Local\Microsoft\WindowsApps;C:\Program Files (x86)\Dev-Cpp\MinGW64\bin;C:\Program Files\Azure Data Studio\bin;C:\Users\nthan\.dotnet\tools;C:\Program Files\Azure Data Studio\bin;C:\Program Files\Azure Data Studio\bin;C:\Program Files\Azure Data Studio\bin;C:\Users\nthan\AppData\Local\Programs\Microsoft VS Code\bin;C:\Users\nthan\AppData\Roaming\npm;C:\Flutter\flutter\bin;C:\Android\bin;C:\Users\nthan\AppData\Local\Android\Sdk;
USERNAME=nthan
OS=Windows_NT
PROCESSOR_IDENTIFIER=Intel64 Family 6 Model 142 Stepping 10, GenuineIntel
TMP=C:\Users\nthan\AppData\Local\Temp
TEMP=C:\Users\nthan\AppData\Local\Temp



Periodic native trim disabled

JNI global refs:
JNI global refs: 28, weak refs: 0

JNI global refs memory usage: 843, weak refs: 841

OOME stack traces (most recent first):
Classloader memory used:
Loader org.gradle.internal.classloader.VisitableURLClassLoader                         : 3650K
Loader bootstrap                                                                       : 2705K
Loader org.gradle.internal.classloader.VisitableURLClassLoader$InstrumentingVisitableURLClassLoader: 1247K
Loader org.gradle.initialization.MixInLegacyTypesClassLoader                           : 1210K
Loader jdk.internal.loader.ClassLoaders$PlatformClassLoader                            : 65712B
Loader jdk.internal.reflect.DelegatingClassLoader                                      : 34549B
Loader jdk.internal.loader.ClassLoaders$AppClassLoader                                 : 28714B
Loader org.gradle.internal.classloader.VisitableURLClassLoader                         : 14644B

Classes loaded by more than one classloader:
Class Program                                                                         : loaded 4 times (x 72B)
Class com.google.common.collect.Iterators$MergingIterator                             : loaded 2 times (x 79B)
Class org.objectweb.asm.ModuleVisitor                                                 : loaded 2 times (x 79B)
Class [Lcom.google.common.collect.AbstractMapEntry;                                   : loaded 2 times (x 67B)
Class com.google.common.collect.SingletonImmutableList                                : loaded 2 times (x 167B)
Class com.google.common.cache.CacheLoader$SupplierToCacheLoader                       : loaded 2 times (x 73B)
Class org.gradle.internal.classpath.ClassPath                                         : loaded 2 times (x 68B)
Class com.google.common.cache.RemovalListener                                         : loaded 2 times (x 68B)
Class org.gradle.api.internal.classpath.DefaultModuleRegistry                         : loaded 2 times (x 84B)
Class Settings_gradle$1$1                                                             : loaded 2 times (x 72B)
Class com.google.common.collect.ImmutableEnumSet                                      : loaded 2 times (x 144B)
Class com.google.common.collect.ListMultimap                                          : loaded 2 times (x 68B)
Class com.google.common.base.CharMatcher$JavaDigit                                    : loaded 2 times (x 109B)
Class com.google.common.base.CharMatcher$Digit                                        : loaded 2 times (x 110B)
Class com.google.common.collect.AbstractMultimap                                      : loaded 2 times (x 121B)
Class com.google.common.cache.CacheBuilder$OneWeigher                                 : loaded 2 times (x 80B)
Class org.gradle.api.Action                                                           : loaded 2 times (x 68B)
Class com.google.common.collect.ImmutableEntry                                        : loaded 2 times (x 80B)
Class com.google.common.collect.Lists$StringAsImmutableList                           : loaded 2 times (x 167B)
Class com.google.common.cache.LocalCache$StrongEntry                                  : loaded 2 times (x 106B)
Class org.objectweb.asm.FieldWriter                                                   : loaded 2 times (x 76B)
Class com.google.common.base.CharMatcher                                              : loaded 2 times (x 109B)
Class com.google.common.base.CharMatcher$IsNot                                        : loaded 2 times (x 109B)
Class com.google.common.base.Splitter                                                 : loaded 2 times (x 70B)
Class [Lcom.google.common.cache.Weigher;                                              : loaded 2 times (x 67B)
Class com.google.common.collect.Iterators$ArrayItr                                    : loaded 2 times (x 95B)
Class com.google.common.cache.LocalCache$Segment                                      : loaded 2 times (x 152B)
Class org.gradle.api.internal.DefaultClassPathProvider                                : loaded 2 times (x 74B)
Class org.gradle.internal.installation.GradleInstallation$1                           : loaded 2 times (x 73B)
Class com.google.common.cache.LocalCache$AbstractReferenceEntry                       : loaded 2 times (x 105B)
Class org.objectweb.asm.Type                                                          : loaded 2 times (x 70B)
Class com.google.common.util.concurrent.AbstractFuture$Failure                        : loaded 2 times (x 70B)
Class com.google.common.base.CharMatcher$BitSetMatcher                                : loaded 2 times (x 110B)
Class com.google.common.collect.ImmutableMap$IteratorBasedImmutableMap                : loaded 2 times (x 123B)
Class com.google.common.collect.ImmutableMap                                          : loaded 2 times (x 118B)
Class com.google.common.base.Converter                                                : loaded 2 times (x 88B)
Class com.google.common.collect.ImmutableSet$EmptySetBuilderImpl                      : loaded 2 times (x 74B)
Class com.google.common.base.Equivalence                                              : loaded 2 times (x 80B)
Class com.google.common.primitives.Ints                                               : loaded 2 times (x 69B)
Class com.google.common.cache.LocalCache$EntryFactory$1                               : loaded 2 times (x 81B)
Class com.google.common.cache.LocalCache$EntryFactory$2                               : loaded 2 times (x 81B)
Class com.google.common.cache.LocalCache$EntryFactory$3                               : loaded 2 times (x 81B)
Class com.google.common.cache.LocalCache$EntryFactory$4                               : loaded 2 times (x 81B)
Class com.google.common.cache.LocalCache$EntryFactory$5                               : loaded 2 times (x 81B)
Class com.google.common.cache.LocalCache$EntryFactory$6                               : loaded 2 times (x 81B)
Class com.google.common.cache.LocalCache$EntryFactory$7                               : loaded 2 times (x 81B)
Class com.google.common.cache.LocalCache$EntryFactory$8                               : loaded 2 times (x 81B)
Class com.google.common.base.Predicate                                                : loaded 2 times (x 68B)
Class com.google.common.cache.LocalCache$StrongValueReference                         : loaded 2 times (x 88B)
Class org.gradle.internal.classloader.FilteringClassLoader                            : loaded 2 times (x 103B)
Class com.google.common.collect.RegularImmutableSet                                   : loaded 2 times (x 146B)
Class [Lcom.google.common.cache.LocalCache$Strength;                                  : loaded 2 times (x 67B)
Class org.gradle.internal.classpath.DefaultClassPath$ImmutableUniqueList$Builder      : loaded 2 times (x 73B)
Class com.google.common.collect.Maps$8                                                : loaded 2 times (x 80B)
Class [Lcom.google.common.cache.CacheBuilder$NullListener;                            : loaded 2 times (x 67B)
Class com.google.common.base.PatternCompiler                                          : loaded 2 times (x 68B)
Class com.google.common.base.CharMatcher$InRange                                      : loaded 2 times (x 109B)
Class com.google.common.collect.Sets$SetView                                          : loaded 2 times (x 136B)
Class com.google.common.collect.BiMap                                                 : loaded 2 times (x 68B)
Class com.google.common.collect.Lists                                                 : loaded 2 times (x 69B)
Class org.objectweb.asm.AnnotationWriter                                              : loaded 2 times (x 77B)
Class com.google.common.math.IntMath$1                                                : loaded 2 times (x 69B)
Class org.gradle.internal.classloader.ClassLoaderVisitor                              : loaded 2 times (x 74B)
Class org.objectweb.asm.Label                                                         : loaded 2 times (x 71B)
Class com.google.common.cache.CacheBuilder$NullListener                               : loaded 2 times (x 80B)
Class com.google.common.math.MathPreconditions                                        : loaded 2 times (x 69B)
Class org.gradle.internal.service.DefaultServiceLocator                               : loaded 2 times (x 81B)
Class org.gradle.internal.service.UnknownServiceException                             : loaded 2 times (x 81B)
Class com.google.common.util.concurrent.AbstractFuture$SynchronizedHelper             : loaded 2 times (x 76B)
Class com.google.common.collect.ArrayListMultimap                                     : loaded 2 times (x 170B)
Class com.google.common.base.Strings                                                  : loaded 2 times (x 69B)
Class com.google.common.cache.CacheLoader$InvalidCacheLoadException                   : loaded 2 times (x 80B)
Class org.gradle.internal.classloader.DefaultClassLoaderFactory                       : loaded 2 times (x 80B)
Class com.google.common.collect.UnmodifiableIterator                                  : loaded 2 times (x 78B)
Class com.google.common.base.Stopwatch                                                : loaded 2 times (x 70B)
Class com.google.common.base.Platform$JdkPatternCompiler                              : loaded 2 times (x 73B)
Class com.google.common.cache.LocalCache$LoadingValueReference                        : loaded 2 times (x 94B)
Class com.google.common.base.CharMatcher$SingleWidth                                  : loaded 2 times (x 110B)
Class com.google.common.collect.Hashing                                               : loaded 2 times (x 69B)
Class com.google.common.base.JdkPattern                                               : loaded 2 times (x 73B)
Class com.google.common.collect.Multimap                                              : loaded 2 times (x 68B)
Class com.google.common.base.FunctionalEquivalence                                    : loaded 2 times (x 81B)
Class org.objectweb.asm.AnnotationVisitor                                             : loaded 2 times (x 76B)
Class org.objectweb.asm.RecordComponentWriter                                         : loaded 2 times (x 76B)
Class com.google.common.cache.LocalCache$1                                            : loaded 2 times (x 87B)
Class com.google.common.cache.LocalCache$2                                            : loaded 2 times (x 140B)
Class com.google.common.collect.RegularImmutableBiMap                                 : loaded 2 times (x 146B)
Class org.gradle.internal.classloader.VisitableURLClassLoader$Spec                    : loaded 2 times (x 72B)
Class org.gradle.api.GradleException                                                  : loaded 2 times (x 80B)
Class com.google.common.base.CharMatcher$JavaLetterOrDigit                            : loaded 2 times (x 109B)
Class org.gradle.api.internal.classpath.ModuleRegistry                                : loaded 2 times (x 68B)
Class com.google.common.cache.CacheBuilder                                            : loaded 2 times (x 70B)
Class org.objectweb.asm.ByteVector                                                    : loaded 2 times (x 77B)
Class com.google.common.collect.ImmutableCollection                                   : loaded 2 times (x 123B)
Class com.google.common.base.PairwiseEquivalence                                      : loaded 2 times (x 81B)
Class com.google.common.base.Ticker                                                   : loaded 2 times (x 70B)
Class org.gradle.api.internal.ClassPathProvider                                       : loaded 2 times (x 68B)
Class com.google.common.base.Ascii                                                    : loaded 2 times (x 69B)
Class com.google.common.collect.RegularImmutableMap$Values                            : loaded 2 times (x 167B)
Class org.objectweb.asm.ModuleWriter                                                  : loaded 2 times (x 80B)
Class org.gradle.internal.classloader.ClasspathUtil$1                                 : loaded 2 times (x 74B)
Class com.google.common.collect.ImmutableEnumMap                                      : loaded 2 times (x 123B)
Class com.google.common.collect.ImmutableList$ReverseImmutableList                    : loaded 2 times (x 168B)
Class com.google.common.cache.AbstractCache$StatsCounter                              : loaded 2 times (x 68B)
Class org.objectweb.asm.FieldVisitor                                                  : loaded 2 times (x 75B)
Class org.objectweb.asm.Symbol                                                        : loaded 2 times (x 71B)
Class com.google.common.cache.LocalCache$Strength$1                                   : loaded 2 times (x 79B)
Class com.google.common.cache.LocalCache$Strength$2                                   : loaded 2 times (x 79B)
Class com.google.common.cache.LocalCache$Strength$3                                   : loaded 2 times (x 79B)
Class org.gradle.internal.classloader.ClassLoaderFactory                              : loaded 2 times (x 68B)
Class com.google.common.collect.ObjectArrays                                          : loaded 2 times (x 69B)
Class com.google.common.util.concurrent.AbstractFuture$Waiter                         : loaded 2 times (x 70B)
Class com.google.common.util.concurrent.Uninterruptibles                              : loaded 2 times (x 69B)
Class com.google.common.collect.Iterators$10                                          : loaded 2 times (x 79B)
Class com.google.common.collect.ImmutableList                                         : loaded 2 times (x 166B)
Class org.gradle.api.internal.classpath.ManifestUtil                                  : loaded 2 times (x 69B)
Class org.gradle.api.specs.Spec                                                       : loaded 2 times (x 68B)
Class com.google.common.cache.CacheLoader$UnsupportedLoadingOperationException        : loaded 2 times (x 80B)
Class com.google.common.base.CharMatcher$Whitespace                                   : loaded 2 times (x 110B)
Class com.google.common.util.concurrent.ListenableFuture                              : loaded 2 times (x 68B)
Class com.google.common.collect.Iterators$1                                           : loaded 2 times (x 79B)
Class com.google.common.collect.Iterators$4                                           : loaded 2 times (x 80B)
Class com.google.common.collect.RegularImmutableMap$BucketOverflowException           : loaded 2 times (x 80B)
Class com.google.common.collect.Iterators$5                                           : loaded 2 times (x 80B)
Class com.google.common.util.concurrent.AbstractFuture$UnsafeAtomicHelper             : loaded 2 times (x 76B)
Class com.google.common.base.Equivalence$Equals                                       : loaded 2 times (x 80B)
Class com.google.common.base.Preconditions                                            : loaded 2 times (x 69B)
Class com.google.common.base.Function                                                 : loaded 2 times (x 68B)
Class com.google.common.collect.Iterators$9                                           : loaded 2 times (x 79B)
Class org.gradle.internal.IoActions                                                   : loaded 2 times (x 69B)
Class com.google.common.cache.ReferenceEntry                                          : loaded 2 times (x 68B)
Class com.google.common.collect.RegularImmutableMap$KeySet                            : loaded 2 times (x 148B)
Class com.google.common.collect.CollectPreconditions                                  : loaded 2 times (x 69B)
Class com.google.common.primitives.IntsMethodsForWeb                                  : loaded 2 times (x 69B)
Class com.google.common.collect.Maps                                                  : loaded 2 times (x 69B)
Class com.google.common.collect.RegularImmutableMap                                   : loaded 2 times (x 119B)
Class com.google.common.collect.AbstractIndexedListIterator                           : loaded 2 times (x 94B)
Class com.google.common.base.CharMatcher$None                                         : loaded 2 times (x 110B)
Class org.gradle.api.internal.classpath.EffectiveClassPath                            : loaded 2 times (x 88B)
Class com.google.common.collect.UnmodifiableListIterator                              : loaded 2 times (x 93B)
Class com.google.common.cache.CacheLoader$FunctionToCacheLoader                       : loaded 2 times (x 73B)
Class com.google.common.cache.CacheBuilder$1                                          : loaded 2 times (x 83B)
Class com.google.common.cache.CacheBuilder$2                                          : loaded 2 times (x 70B)
Class com.google.common.collect.ImmutableList$1                                       : loaded 2 times (x 95B)
Class com.google.common.base.Splitter$Strategy                                        : loaded 2 times (x 68B)
Class com.google.common.collect.ImmutableMapEntrySet$RegularEntrySet                  : loaded 2 times (x 149B)
Class [Lcom.google.common.cache.RemovalListener;                                      : loaded 2 times (x 67B)
Class [Lcom.google.common.collect.ImmutableMapEntry;                                  : loaded 2 times (x 67B)
Class org.gradle.internal.installation.CurrentGradleInstallation                      : loaded 2 times (x 71B)
Class org.gradle.internal.agents.InstrumentingClassLoader                             : loaded 2 times (x 68B)
Class org.gradle.internal.installation.CurrentGradleInstallationLocator               : loaded 2 times (x 69B)
Class [Lcom.google.common.cache.LocalCache$Segment;                                   : loaded 2 times (x 67B)
Class org.gradle.api.internal.classpath.Module                                        : loaded 2 times (x 68B)
Class com.google.common.base.Splitter$1$1                                             : loaded 2 times (x 84B)
Class com.google.common.collect.ImmutableSet$JdkBackedSetBuilderImpl                  : loaded 2 times (x 74B)
Class com.google.common.collect.ImmutableSet$RegularSetBuilderImpl                    : loaded 2 times (x 75B)
Class [Lorg.objectweb.asm.AnnotationWriter;                                           : loaded 2 times (x 67B)
Class org.gradle.internal.service.CachingServiceLocator                               : loaded 2 times (x 80B)
Class [Lcom.google.common.collect.ImmutableEntry;                                     : loaded 2 times (x 67B)
Class org.gradle.internal.classpath.DefaultClassPath                                  : loaded 2 times (x 88B)
Class com.google.common.util.concurrent.AbstractFuture$SetFuture                      : loaded 2 times (x 73B)
Class com.google.common.base.Splitter$SplittingIterator                               : loaded 2 times (x 82B)
Class com.google.common.cache.LocalCache$LocalManualCache$1                           : loaded 2 times (x 73B)
Class Build_gradle$1                                                                  : loaded 2 times (x 76B)
Class org.objectweb.asm.SymbolTable$Entry                                             : loaded 2 times (x 72B)
Class [Lcom.google.common.cache.LocalCache$EntryFactory;                              : loaded 2 times (x 67B)
Class com.google.common.base.CharMatcher$Is                                           : loaded 2 times (x 109B)
Class com.google.common.base.Platform                                                 : loaded 2 times (x 69B)
Class com.google.common.collect.RegularImmutableAsList                                : loaded 2 times (x 176B)
Class com.google.common.collect.PeekingIterator                                       : loaded 2 times (x 68B)
Class com.google.common.collect.ImmutableMapEntrySet                                  : loaded 2 times (x 149B)
Class com.google.common.cache.CacheLoader                                             : loaded 2 times (x 72B)
Class com.google.common.collect.ImmutableBiMapFauxverideShim                          : loaded 2 times (x 118B)
Class org.objectweb.asm.MethodTooLargeException                                       : loaded 2 times (x 81B)
Class com.google.common.cache.Cache                                                   : loaded 2 times (x 68B)
Class org.gradle.internal.classloader.SystemClassLoaderSpec                           : loaded 2 times (x 69B)
Class com.google.common.util.concurrent.internal.InternalFutureFailureAccess          : loaded 2 times (x 70B)
Class com.google.common.base.Charsets                                                 : loaded 2 times (x 69B)
Class com.google.common.primitives.Ints$IntConverter                                  : loaded 2 times (x 88B)
Class com.google.common.collect.SingletonImmutableSet                                 : loaded 2 times (x 144B)
Class [Lcom.google.common.base.AbstractIterator$State;                                : loaded 2 times (x 67B)
Class com.google.common.collect.ImmutableMap$Builder                                  : loaded 2 times (x 80B)
Class com.google.common.base.AbstractIterator                                         : loaded 2 times (x 78B)
Class org.objectweb.asm.ClassWriter                                                   : loaded 2 times (x 104B)
Class com.google.common.base.AbstractIterator$1                                       : loaded 2 times (x 69B)
Class [Lcom.google.common.cache.CacheBuilder$OneWeigher;                              : loaded 2 times (x 67B)
Class com.google.common.collect.Iterators                                             : loaded 2 times (x 69B)
Class com.google.common.base.CharMatcher$1                                            : loaded 2 times (x 111B)
Class com.google.common.base.CharMatcher$Ascii                                        : loaded 2 times (x 110B)
Class com.google.common.cache.LocalCache$ComputingValueReference                      : loaded 2 times (x 94B)
Class org.gradle.api.UncheckedIOException                                             : loaded 2 times (x 80B)
Class com.google.common.base.CharMatcher$And                                          : loaded 2 times (x 110B)
Class com.google.common.collect.IndexedImmutableSet                                   : loaded 2 times (x 148B)
Class com.google.common.collect.IndexedImmutableSet$1                                 : loaded 2 times (x 172B)
Class com.google.common.collect.AbstractListMultimap                                  : loaded 2 times (x 170B)
Class com.google.common.base.CharMatcher$Any                                          : loaded 2 times (x 110B)
Class org.gradle.internal.installation.GradleInstallation                             : loaded 2 times (x 73B)
Class com.google.common.cache.LocalCache$Strength                                     : loaded 2 times (x 79B)
Class com.google.common.collect.ArrayListMultimapGwtSerializationDependencies         : loaded 2 times (x 170B)
Class com.google.common.base.CharMatcher$RangesMatcher                                : loaded 2 times (x 110B)
Class org.objectweb.asm.Handler                                                       : loaded 2 times (x 70B)
Class com.google.common.collect.ImmutableList$SubList                                 : loaded 2 times (x 168B)
Class com.google.common.cache.LocalCache$ValueReference                               : loaded 2 times (x 68B)
Class org.gradle.internal.classloader.ClasspathUtil                                   : loaded 2 times (x 69B)
Class org.objectweb.asm.CurrentFrame                                                  : loaded 2 times (x 71B)
Class com.google.common.util.concurrent.AbstractFuture                                : loaded 2 times (x 93B)
Class com.google.common.base.Splitter$1                                               : loaded 2 times (x 75B)
Class com.google.common.base.Ticker$1                                                 : loaded 2 times (x 70B)
Class com.google.common.collect.Maps$BiMapConverter                                   : loaded 2 times (x 88B)
Class org.gradle.api.internal.DefaultClassPathRegistry                                : loaded 2 times (x 74B)
Class [Lorg.objectweb.asm.Symbol;                                                     : loaded 2 times (x 67B)
Class com.google.common.util.concurrent.AbstractFuture$Cancellation                   : loaded 2 times (x 70B)
Class com.google.common.collect.ImmutableSet$SetBuilderImpl                           : loaded 2 times (x 74B)
Class org.gradle.api.internal.classpath.DefaultModuleRegistry$DefaultModule           : loaded 2 times (x 84B)
Class com.google.common.base.CharMatcher$JavaIsoControl                               : loaded 2 times (x 110B)
Class com.google.common.collect.ImmutableMap$1                                        : loaded 2 times (x 79B)
Class com.google.common.base.CharMatcher$Or                                           : loaded 2 times (x 110B)
Class org.gradle.kotlin.dsl.VersionCatalogAccessorsKt                                 : loaded 2 times (x 69B)
Class com.google.common.base.Suppliers$SupplierOfInstance                             : loaded 2 times (x 77B)
Class org.objectweb.asm.RecordComponentVisitor                                        : loaded 2 times (x 75B)
Class com.google.common.collect.Iterables                                             : loaded 2 times (x 69B)
Class com.google.common.base.CharMatcher$JavaLowerCase                                : loaded 2 times (x 109B)
Class org.objectweb.asm.ClassTooLargeException                                        : loaded 2 times (x 81B)
Class org.gradle.api.internal.classpath.UnknownModuleException                        : loaded 2 times (x 80B)
Class com.google.common.util.concurrent.AbstractFuture$Listener                       : loaded 2 times (x 70B)
Class org.objectweb.asm.Edge                                                          : loaded 2 times (x 70B)
Class com.google.common.collect.Maps$EntryTransformer                                 : loaded 2 times (x 68B)
Class com.google.common.collect.ImmutableCollection$Builder                           : loaded 2 times (x 74B)
Class [Lorg.objectweb.asm.SymbolTable$Entry;                                          : loaded 2 times (x 67B)
Class com.google.common.collect.SingletonImmutableBiMap                               : loaded 2 times (x 141B)
Class com.google.common.base.CommonPattern                                            : loaded 2 times (x 72B)
Class com.google.common.base.Suppliers                                                : loaded 2 times (x 69B)
Class org.objectweb.asm.ClassVisitor                                                  : loaded 2 times (x 86B)
Class com.google.common.cache.LoadingCache                                            : loaded 2 times (x 68B)
Class org.gradle.internal.service.ServiceLookupException                              : loaded 2 times (x 80B)
Class org.gradle.cache.GlobalCache                                                    : loaded 2 times (x 68B)
Class com.google.common.base.CharMatcher$NegatedFastMatcher                           : loaded 2 times (x 111B)
Class [Lorg.gradle.api.internal.ClassPathProvider;                                    : loaded 2 times (x 67B)
Class com.google.common.util.concurrent.AbstractFuture$SafeAtomicHelper               : loaded 2 times (x 77B)
Class org.gradle.util.internal.GUtil                                                  : loaded 2 times (x 69B)
Class com.google.common.math.IntMath                                                  : loaded 2 times (x 69B)
Class com.google.common.collect.AbstractIterator                                      : loaded 2 times (x 80B)
Class org.gradle.internal.classloader.ClassLoaderSpec                                 : loaded 2 times (x 69B)
Class com.google.common.base.NullnessCasts                                            : loaded 2 times (x 69B)
Class org.objectweb.asm.Frame                                                         : loaded 2 times (x 71B)
Class com.google.common.cache.LocalCache$LocalManualCache                             : loaded 2 times (x 97B)
Class com.google.common.collect.AbstractMapEntry                                      : loaded 2 times (x 79B)
Class com.google.common.base.CharMatcher$Negated                                      : loaded 2 times (x 111B)
Class com.google.common.cache.CacheLoader$1                                           : loaded 2 times (x 73B)
Class com.google.common.util.concurrent.AbstractFuture$TrustedFuture                  : loaded 2 times (x 95B)
Class com.google.common.collect.Sets                                                  : loaded 2 times (x 69B)
Class com.google.common.collect.ImmutableSet$Builder                                  : loaded 2 times (x 83B)
Class com.google.common.base.CharMatcher$ForPredicate                                 : loaded 2 times (x 110B)
Class com.google.common.collect.ImmutableMap$MapViewOfValuesAsSingletonSets           : loaded 2 times (x 123B)
Class com.google.common.base.MoreObjects                                              : loaded 2 times (x 69B)
Class com.google.common.collect.SortedMapDifference                                   : loaded 2 times (x 68B)
Class org.objectweb.asm.SymbolTable                                                   : loaded 2 times (x 70B)
Class [Lorg.objectweb.asm.AnnotationVisitor;                                          : loaded 2 times (x 67B)
Class com.google.common.cache.CacheStats                                              : loaded 2 times (x 69B)
Class org.objectweb.asm.Attribute                                                     : loaded 2 times (x 75B)
Class org.gradle.internal.classloader.VisitableURLClassLoader                         : loaded 2 times (x 115B)
Class com.google.common.cache.LocalCache$LocalLoadingCache                            : loaded 2 times (x 132B)
Class com.google.common.base.Supplier                                                 : loaded 2 times (x 68B)
Class com.google.common.util.concurrent.AbstractFuture$AtomicHelper                   : loaded 2 times (x 76B)
Class com.google.common.collect.ImmutableBiMap                                        : loaded 2 times (x 141B)
Class org.gradle.internal.Cast                                                        : loaded 2 times (x 69B)
Class Build_gradle                                                                    : loaded 2 times (x 70B)
Class org.gradle.api.internal.ClassPathRegistry                                       : loaded 2 times (x 68B)
Class com.google.common.cache.LocalCache$EntryFactory                                 : loaded 2 times (x 81B)
Class com.google.common.util.concurrent.UncheckedExecutionException                   : loaded 2 times (x 80B)
Class com.google.common.collect.ImmutableSet                                          : loaded 2 times (x 143B)
Class org.gradle.internal.classloader.VisitableURLClassLoader$InstrumentingVisitableURLClassLoader: loaded 2 times (x 121B)
Class org.gradle.internal.classloader.ClassLoaderHierarchy                            : loaded 2 times (x 68B)
Class [Lorg.objectweb.asm.Type;                                                       : loaded 2 times (x 67B)
Class com.google.common.base.AbstractIterator$State                                   : loaded 2 times (x 77B)
Class com.google.common.cache.Weigher                                                 : loaded 2 times (x 68B)
Class com.google.common.base.CharMatcher$NamedFastMatcher                             : loaded 2 times (x 110B)
Class org.gradle.internal.InternalTransformer                                         : loaded 2 times (x 68B)
Class org.gradle.internal.service.ServiceLocator                                      : loaded 2 times (x 68B)
Class Settings_gradle$1                                                               : loaded 2 times (x 72B)
Class com.google.common.util.concurrent.SettableFuture                                : loaded 2 times (x 95B)
Class com.google.common.collect.ImmutableMapEntry                                     : loaded 2 times (x 83B)
Class com.google.common.base.CharMatcher$Invisible                                    : loaded 2 times (x 110B)
Class com.google.common.base.CharMatcher$FastMatcher                                  : loaded 2 times (x 109B)
Class org.gradle.internal.classpath.DefaultClassPath$ImmutableUniqueList              : loaded 2 times (x 159B)
Class com.google.common.base.CharMatcher$JavaLetter                                   : loaded 2 times (x 109B)
Class org.gradle.internal.classpath.TransformedClassPath                              : loaded 2 times (x 94B)
Class com.google.common.collect.MapDifference                                         : loaded 2 times (x 68B)
Class com.google.common.collect.Sets$1                                                : loaded 2 times (x 137B)
Class com.google.common.collect.Sets$2                                                : loaded 2 times (x 137B)
Class com.google.common.util.concurrent.AbstractFuture$Trusted                        : loaded 2 times (x 68B)
Class com.google.common.collect.Sets$3                                                : loaded 2 times (x 137B)
Class com.google.common.collect.Sets$4                                                : loaded 2 times (x 137B)
Class Settings_gradle                                                                 : loaded 2 times (x 126B)
Class org.objectweb.asm.MethodWriter                                                  : loaded 2 times (x 104B)
Class com.google.common.collect.Platform                                              : loaded 2 times (x 69B)
Class com.google.common.collect.ImmutableAsList                                       : loaded 2 times (x 169B)
Class com.google.common.util.concurrent.ExecutionError                                : loaded 2 times (x 80B)
Class com.google.common.base.Equivalence$Identity                                     : loaded 2 times (x 80B)
Class com.google.common.base.CharMatcher$AnyOf                                        : loaded 2 times (x 110B)
Class com.google.common.base.CharMatcher$IsEither                                     : loaded 2 times (x 109B)
Class com.google.common.cache.LocalCache                                              : loaded 2 times (x 185B)
Class com.google.common.collect.RegularImmutableList                                  : loaded 2 times (x 172B)
Class com.google.common.util.concurrent.AbstractFuture$UnsafeAtomicHelper$1           : loaded 2 times (x 74B)
Class com.google.common.base.CharMatcher$JavaUpperCase                                : loaded 2 times (x 109B)
Class com.google.common.collect.Multiset                                              : loaded 2 times (x 68B)
Class com.google.common.collect.ImmutableSet$CachingAsList                            : loaded 2 times (x 145B)
Class org.objectweb.asm.MethodVisitor                                                 : loaded 2 times (x 103B)
Class com.google.common.collect.ImmutableMapEntry$NonTerminalImmutableMapEntry        : loaded 2 times (x 83B)
Class com.google.common.collect.AbstractMapBasedMultimap                              : loaded 2 times (x 137B)


---------------  S Y S T E M  ---------------

OS:
 Windows 11 , 64 bit Build 22621 (10.0.22621.3527)
OS uptime: 0 days 2:33 hours

CPU: total 8 (initial active 8) (4 cores per cpu, 2 threads per core) family 6 model 142 stepping 10 microcode 0xe0, cx8, cmov, fxsr, ht, mmx, 3dnowpref, sse, sse2, sse3, ssse3, sse4.1, sse4.2, popcnt, lzcnt, tsc, tscinvbit, avx, avx2, aes, erms, clmul, bmi1, bmi2, adx, fma, vzeroupper, clflush, clflushopt
Processor Information for all 8 processors :
  Max Mhz: 1800, Current Mhz: 1600, Mhz Limit: 1584

Memory: 4k page, system-wide physical 12169M (650M free)
TotalPageFile size 16265M (AvailPageFile size 1M)
current process WorkingSet (physical memory assigned to process): 299M, peak: 299M
current process commit charge ("private bytes"): 332M, peak: 334M

vm_info: OpenJDK 64-Bit Server VM (17.0.10+0--11572160) for windows-amd64 JRE (17.0.10+0--11572160), built on Mar 13 2024 23:56:38 by "androidbuild" with MS VC++ 16.10 / 16.11 (VS2019)

END.
